【登录信息】
*98eb6857da245a3c90732f8349ee9384*
`登陆天数: 6天 / 1273天
等级: 140
石头: 292
呼符: 0
体力: 207.19666666666666 / 140
友情点: 50 / 3183400`
*連続ログイン6日目
※ログインが途切れるか、7日到達すると
1日目から再開されます*
`聖晶石 X 2
8月交換券(2023) X 1
`*サーヴァント・サマー・フェスティバル2023！開幕記念 ログインボーナス*
*開催期間中、1日1回 最大21回ログインボーナスをプレゼント！*
`白銀の果実 X 1
`_2023-08-15 20:13:58_
--------
*16d33c918b4fde70c16ab2b98eca2dc7*
`登陆天数: 2天 / 1336天
等级: 127
石头: 183
呼符: 18
体力: 149.00333333333333 / 137
友情点: 0 / 1026460`
*連続ログイン2日目
※ログインが途切れるか、7日到達すると
1日目から再開されます*
`聖晶石 X 1
8月交換券(2023) X 1
`*サーヴァント・サマー・フェスティバル2023！開幕記念 ログインボーナス*
*開催期間中、1日1回 最大21回ログインボーナスをプレゼント！*
`白銀の果実 X 1
`_2023-08-15 20:14:06_
--------
