【登录信息】
*98eb6857da245a3c90732f8349ee9384*
`登陆天数: 8天 / 1275天
等级: 140
石头: 295
呼符: 0
体力: 53.226666666666674 / 140
友情点: 0 / 3183650`
*連続ログイン1日目
※ログインが途切れるか、7日到達すると
1日目から再開されます*
`フレンドポイント X 2000
8月交換券(2023) X 1
`*サーヴァント・サマー・フェスティバル2023！開幕記念 ログインボーナス*
*開催期間中、1日1回 最大21回ログインボーナスをプレゼント！*
`黄金の果実 X 1
`_2023-08-17 20:14:03_
--------
*16d33c918b4fde70c16ab2b98eca2dc7*
`登陆天数: 4天 / 1338天
等级: 127
石头: 183
呼符: 18
体力: 234.87 / 137
友情点: 0 / 1130460`
*連続ログイン4日目
※ログインが途切れるか、7日到達すると
1日目から再開されます*
`聖晶石 X 1
8月交換券(2023) X 1
`*サーヴァント・サマー・フェスティバル2023！開幕記念 ログインボーナス*
*開催期間中、1日1回 最大21回ログインボーナスをプレゼント！*
`白銀の果実 X 1
`_2023-08-17 20:14:12_
--------
