【登录信息】
*98eb6857da245a3c90732f8349ee9384*
`登陆天数: 9天 / 1276天
等级: 140
石头: 151
呼符: 0
体力: 45.040000000000006 / 140
友情点: 105 / 3165110`
*連続ログイン2日目
※ログインが途切れるか、7日到達すると
1日目から再開されます*
`聖晶石 X 1
8月交換券(2023) X 1
`*サーヴァント・サマー・フェスティバル2023！開幕記念 ログインボーナス*
*開催期間中、1日1回 最大21回ログインボーナスをプレゼント！*
`白銀の果実 X 1
`_2023-08-18 20:13:32_
--------
*16d33c918b4fde70c16ab2b98eca2dc7*
`登陆天数: 5天 / 1339天
等级: 127
石头: 209
呼符: 18
体力: 199.50666666666666 / 137
友情点: 0 / 1130460`
*連続ログイン5日目
※ログインが途切れるか、7日到達すると
1日目から再開されます*
`叡智の業火 X 2
8月交換券(2023) X 1
`*サーヴァント・サマー・フェスティバル2023！開幕記念 ログインボーナス*
*開催期間中、1日1回 最大21回ログインボーナスをプレゼント！*
`白銀の果実 X 1
`_2023-08-18 20:13:40_
--------
