【登录信息】
*98eb6857da245a3c90732f8349ee9384*
`登陆天数: 13天 / 1280天
等级: 140
石头: 156
呼符: 2
体力: 205.43666666666667 / 140
友情点: 250 / 3164795`
*連続ログイン6日目
※ログインが途切れるか、7日到達すると
1日目から再開されます*
`聖晶石 X 2
8月交換券(2023) X 1
`*サーヴァント・サマー・フェスティバル2023！開幕記念 ログインボーナス*
*開催期間中、1日1回 最大21回ログインボーナスをプレゼント！*
`白銀の果実 X 1
`_2023-08-22 20:13:49_
--------
*16d33c918b4fde70c16ab2b98eca2dc7*
`登陆天数: 9天 / 1343天
等级: 127
石头: 209
呼符: 18
体力: 1351.5666666666666 / 137
友情点: 0 / 1130460`
*連続ログイン2日目
※ログインが途切れるか、7日到達すると
1日目から再開されます*
`聖晶石 X 1
8月交換券(2023) X 1
`*サーヴァント・サマー・フェスティバル2023！開幕記念 ログインボーナス*
*開催期間中、1日1回 最大21回ログインボーナスをプレゼント！*
`白銀の果実 X 1
`_2023-08-22 20:13:58_
--------
