【登录信息】
*98eb6857da245a3c90732f8349ee9384*
`登陆天数: 16天 / 1283天
等级: 140
石头: 55
呼符: 0
体力: 175.68333333333334 / 140
友情点: 195 / 3162830`
*連続ログイン2日目
※ログインが途切れるか、7日到達すると
1日目から再開されます*
`聖晶石 X 1
8月交換券(2023) X 1
`*サーヴァント・サマー・フェスティバル2023！開幕記念 ログインボーナス*
*開催期間中、1日1回 最大21回ログインボーナスをプレゼント！*
`白銀の果実 X 1
`_2023-08-25 20:13:39_
--------
*16d33c918b4fde70c16ab2b98eca2dc7*
`登陆天数: 12天 / 1346天
等级: 127
石头: 209
呼符: 18
体力: 2215.5333333333333 / 137
友情点: 0 / 1130460`
*連続ログイン5日目
※ログインが途切れるか、7日到達すると
1日目から再開されます*
`叡智の業火 X 2
8月交換券(2023) X 1
`*サーヴァント・サマー・フェスティバル2023！開幕記念 ログインボーナス*
*開催期間中、1日1回 最大21回ログインボーナスをプレゼント！*
`白銀の果実 X 1
`_2023-08-25 20:13:48_
--------
