【登录信息】
*98eb6857da245a3c90732f8349ee9384*
`登陆天数: 18天 / 1285天
等级: 140
石头: 59
呼符: 0
体力: 285.95 / 140
友情点: 145 / 3166090`
*連続ログイン4日目
※ログインが途切れるか、7日到達すると
1日目から再開されます*
`聖晶石 X 1
8月交換券(2023) X 1
`*サーヴァント・サマー・フェスティバル2023！開幕記念 ログインボーナス*
*開催期間中、1日1回 最大21回ログインボーナスをプレゼント！*
`白銀の果実 X 1
`_2023-08-27 20:12:48_
--------
*16d33c918b4fde70c16ab2b98eca2dc7*
`登陆天数: 14天 / 1348天
等级: 127
石头: 209
呼符: 18
体力: 2791.366666666667 / 137
友情点: 0 / 1130460`
*連続ログイン7日間到達おめでとうございます！
明日は1日目からリスタートされます。*
`獣の足跡 X 1
呼符 X 1
8月交換券(2023) X 1
`*サーヴァント・サマー・フェスティバル2023！開幕記念 ログインボーナス*
*開催期間中、1日1回 最大21回ログインボーナスをプレゼント！*
`黄金の果実 X 1
`_2023-08-27 20:12:58_
--------
