【登录信息】
*98eb6857da245a3c90732f8349ee9384*
`登陆天数: 21天 / 1288天
等级: 140
石头: 77
呼符: 0
体力: 42.45666666666666 / 140
友情点: 250 / 3168145`
*連続ログイン7日間到達おめでとうございます！
明日は1日目からリスタートされます。*
`獣の足跡 X 1
呼符 X 1
8月交換券(2023) X 1
`*サーヴァント・サマー・フェスティバル2023！開幕記念 ログインボーナス*
*開催期間中、1日1回 最大21回ログインボーナスをプレゼント！*
`白銀の果実 X 1
`_2023-08-30 20:14:24_
--------
*16d33c918b4fde70c16ab2b98eca2dc7*
`登陆天数: 17天 / 1351天
等级: 127
石头: 209
呼符: 18
体力: 3655.6833333333334 / 137
友情点: 0 / 1130460`
*連続ログイン3日目
※ログインが途切れるか、7日到達すると
1日目から再開されます*
`叡智の業火 X 1
8月交換券(2023) X 1
`*サーヴァント・サマー・フェスティバル2023！開幕記念 ログインボーナス*
*開催期間中、1日1回 最大21回ログインボーナスをプレゼント！*
`白銀の果実 X 1
`_2023-08-30 20:14:33_
--------
