【登录信息】
*98eb6857da245a3c90732f8349ee9384*
`登陆天数: 144天 / 1411天
等级: 141
石头: 120
呼符: 2
体力: 225.92000000000002 / 140
友情点: 50 / 3216890`
*連続ログイン4日目
※ログインが途切れるか、7日到達すると
1日目から再開されます*
`聖晶石 X 1
1月交換券(2024) X 1
`*2024年お正月キャンペーン　三が日限定ログインボーナス*
*開催期間中、三が日限定のログインボーナスをプレゼント！*
`叡智の業火 X 30
QP X 10000000
`_2023-12-31 20:17:58_
--------
*16d33c918b4fde70c16ab2b98eca2dc7*
`登陆天数: 140天 / 1474天
等级: 127
石头: 513
呼符: 49
体力: 10210.243333333334 / 137
友情点: 0 / 1160460`
*連続ログイン7日間到達おめでとうございます！
明日は1日目からリスタートされます。*
`獣の足跡 X 1
呼符 X 1
1月交換券(2024) X 1
`*2024年お正月キャンペーン　三が日限定ログインボーナス*
*開催期間中、三が日限定のログインボーナスをプレゼント！*
`叡智の業火 X 30
QP X 10000000
`_2023-12-31 20:18:07_
--------
