【登录信息】
*98eb6857da245a3c90732f8349ee9384*
`登陆天数: 145天 / 1412天
等级: 141
石头: 121
呼符: 2
体力: 254.18666666666667 / 140
友情点: 0 / 3636630`
*連続ログイン5日目
※ログインが途切れるか、7日到達すると
1日目から再開されます*
`叡智の業火 X 2
1月交換券(2024) X 1
`*2024年お正月キャンペーン　三が日限定ログインボーナス*
*開催期間中、三が日限定のログインボーナスをプレゼント！*
`伝承結晶 X 1
`_2024-01-01 20:18:20_
--------
*16d33c918b4fde70c16ab2b98eca2dc7*
`登陆天数: 141天 / 1475天
等级: 127
石头: 513
呼符: 49
体力: 10498.313333333334 / 137
友情点: 0 / 1160460`
*連続ログイン1日目
※ログインが途切れるか、7日到達すると
1日目から再開されます*
`フレンドポイント X 2000
1月交換券(2024) X 1
`*2024年お正月キャンペーン　三が日限定ログインボーナス*
*開催期間中、三が日限定のログインボーナスをプレゼント！*
`伝承結晶 X 1
`_2024-01-01 20:18:28_
--------
