【登录信息】
*98eb6857da245a3c90732f8349ee9384*
`登陆天数: 146天 / 1413天
等级: 141
石头: 121
呼符: 2
体力: 152.85333333333332 / 140
友情点: 50 / 3636795`
*連続ログイン6日目
※ログインが途切れるか、7日到達すると
1日目から再開されます*
`聖晶石 X 2
1月交換券(2024) X 1
`*2024年お正月キャンペーン　三が日限定ログインボーナス*
*開催期間中、三が日限定のログインボーナスをプレゼント！*
`聖杯 X 1
`_2024-01-02 20:18:53_
--------
*16d33c918b4fde70c16ab2b98eca2dc7*
`登陆天数: 142天 / 1476天
等级: 127
石头: 513
呼符: 49
体力: 10786.426666666666 / 137
友情点: 0 / 1160460`
*連続ログイン2日目
※ログインが途切れるか、7日到達すると
1日目から再開されます*
`聖晶石 X 1
1月交換券(2024) X 1
`*2024年お正月キャンペーン　三が日限定ログインボーナス*
*開催期間中、三が日限定のログインボーナスをプレゼント！*
`聖杯 X 1
`_2024-01-02 20:19:01_
--------
