【登录信息】
*98eb6857da245a3c90732f8349ee9384*
`登陆天数: 154天 / 1421天
等级: 141
石头: 99
呼符: 0
体力: 361.85333333333335 / 140
友情点: 20 / 3645960`
*連続ログイン7日間到達おめでとうございます！
明日は1日目からリスタートされます。*
`獣の足跡 X 1
呼符 X 1
1月交換券(2024) X 1
`*「FGO カルデア・サテライトステーション 2023-2024」宮崎会場開催直前 ログインボーナス*
*開催期間中、1日1回 最大3回 ログインボーナスをプレゼント！*
`黄金の果実 X 1
`_2024-01-10 20:19:47_
--------
*16d33c918b4fde70c16ab2b98eca2dc7*
`登陆天数: 150天 / 1484天
等级: 127
石头: 513
呼符: 49
体力: 13090.61 / 137
友情点: 0 / 1160460`
*連続ログイン3日目
※ログインが途切れるか、7日到達すると
1日目から再開されます*
`叡智の業火 X 1
1月交換券(2024) X 1
`*「FGO カルデア・サテライトステーション 2023-2024」宮崎会場開催直前 ログインボーナス*
*開催期間中、1日1回 最大3回 ログインボーナスをプレゼント！*
`黄金の果実 X 1
`_2024-01-10 20:19:56_
--------
