【登录信息】
*98eb6857da245a3c90732f8349ee9384*
`登陆天数: 155天 / 1422天
等级: 141
石头: 99
呼符: 1
体力: 192.14 / 140
友情点: 155 / 3646335`
*連続ログイン1日目
※ログインが途切れるか、7日到達すると
1日目から再開されます*
`フレンドポイント X 2000
1月交換券(2024) X 1
`*「FGO カルデア・サテライトステーション 2023-2024」宮崎会場開催直前 ログインボーナス*
*開催期間中、1日1回 最大3回 ログインボーナスをプレゼント！*
`黄金の果実 X 1
`_2024-01-11 20:20:32_
--------
*16d33c918b4fde70c16ab2b98eca2dc7*
`登陆天数: 151天 / 1485天
等级: 127
石头: 513
呼符: 49
体力: 13378.763333333334 / 137
友情点: 0 / 1160460`
*連続ログイン4日目
※ログインが途切れるか、7日到達すると
1日目から再開されます*
`聖晶石 X 1
1月交換券(2024) X 1
`*「FGO カルデア・サテライトステーション 2023-2024」宮崎会場開催直前 ログインボーナス*
*開催期間中、1日1回 最大3回 ログインボーナスをプレゼント！*
`黄金の果実 X 1
`_2024-01-11 20:20:41_
--------
