【登录信息】
*98eb6857da245a3c90732f8349ee9384*
`登陆天数: 157天 / 1424天
等级: 141
石头: 99
呼符: 1
体力: 767.72 / 140
友情点: 40 / 3646475`
*連続ログイン3日目
※ログインが途切れるか、7日到達すると
1日目から再開されます*
`叡智の業火 X 1
1月交換券(2024) X 1
`*「FGO カルデア・サテライトステーション 2023-2024」宮崎会場開催記念 3万リポスト達成プレゼント*
*開催期間中、初回ログインで「聖晶石×6」をプレゼント！*
`聖晶石 X 6
`_2024-01-13 20:18:27_
--------
*16d33c918b4fde70c16ab2b98eca2dc7*
`登陆天数: 153天 / 1487天
等级: 127
石头: 513
呼符: 49
体力: 13954.34 / 137
友情点: 0 / 1160460`
*連続ログイン6日目
※ログインが途切れるか、7日到達すると
1日目から再開されます*
`聖晶石 X 2
1月交換券(2024) X 1
`*「FGO カルデア・サテライトステーション 2023-2024」宮崎会場開催記念 3万リポスト達成プレゼント*
*開催期間中、初回ログインで「聖晶石×6」をプレゼント！*
`聖晶石 X 6
`_2024-01-13 20:18:36_
--------
