【登录信息】
*98eb6857da245a3c90732f8349ee9384*
`登陆天数: 159天 / 1426天
等级: 141
石头: 99
呼符: 1
体力: 1343.8366666666666 / 140
友情点: 165 / 3646730`
*連続ログイン5日目
※ログインが途切れるか、7日到達すると
1日目から再開されます*
`叡智の業火 X 2
1月交換券(2024) X 1
`*Fate/Samurai Remnant×Fate/Grand Order
コラボレーションイベント
開幕直前特別ログインボーナス*
*開催期間中、1日1回 最大7回ログインボーナスをプレゼント！*
`QP X 2000000
聖晶石 X 1
`_2024-01-15 20:19:01_
--------
*16d33c918b4fde70c16ab2b98eca2dc7*
`登陆天数: 155天 / 1489天
等级: 127
石头: 513
呼符: 49
体力: 14530.46 / 137
友情点: 0 / 1160460`
*連続ログイン1日目
※ログインが途切れるか、7日到達すると
1日目から再開されます*
`フレンドポイント X 2000
1月交換券(2024) X 1
`*Fate/Samurai Remnant×Fate/Grand Order
コラボレーションイベント
開幕直前特別ログインボーナス*
*開催期間中、1日1回 最大7回ログインボーナスをプレゼント！*
`QP X 2000000
聖晶石 X 1
`_2024-01-15 20:19:11_
--------
