【登录信息】
*98eb6857da245a3c90732f8349ee9384*
`登陆天数: 160天 / 1427天
等级: 141
石头: 99
呼符: 1
体力: 167.89666666666668 / 140
友情点: 50 / 3646810`
*連続ログイン6日目
※ログインが途切れるか、7日到達すると
1日目から再開されます*
`聖晶石 X 2
1月交換券(2024) X 1
`*Fate/Samurai Remnant×Fate/Grand Order
コラボレーションイベント
開幕直前特別ログインボーナス*
*開催期間中、1日1回 最大7回ログインボーナスをプレゼント！*
`聖晶石 X 1
白銀の果実 X 1
`_2024-01-16 20:19:52_
--------
*16d33c918b4fde70c16ab2b98eca2dc7*
`登陆天数: 156天 / 1490天
等级: 127
石头: 513
呼符: 49
体力: 14818.626666666667 / 137
友情点: 0 / 1160460`
*連続ログイン2日目
※ログインが途切れるか、7日到達すると
1日目から再開されます*
`聖晶石 X 1
1月交換券(2024) X 1
`*Fate/Samurai Remnant×Fate/Grand Order
コラボレーションイベント
開幕直前特別ログインボーナス*
*開催期間中、1日1回 最大7回ログインボーナスをプレゼント！*
`聖晶石 X 1
白銀の果実 X 1
`_2024-01-16 20:20:01_
--------
