【登录信息】
*98eb6857da245a3c90732f8349ee9384*
`登陆天数: 161天 / 1428天
等级: 141
石头: 99
呼符: 1
体力: 455.8333333333333 / 140
友情点: 130 / 3646940`
*連続ログイン7日間到達おめでとうございます！
明日は1日目からリスタートされます。*
`獣の足跡 X 1
呼符 X 1
1月交換券(2024) X 1
`*Fate/Samurai Remnant×Fate/Grand Order
コラボレーションイベント
開幕直前特別ログインボーナス*
*開催期間中、1日1回 最大7回ログインボーナスをプレゼント！*
`英霊結晶・星のフォウくん X 5
聖晶石 X 1
`_2024-01-17 20:19:33_
--------
*16d33c918b4fde70c16ab2b98eca2dc7*
`登陆天数: 157天 / 1491天
等级: 127
石头: 513
呼符: 49
体力: 15106.563333333334 / 137
友情点: 0 / 1160460`
*連続ログイン3日目
※ログインが途切れるか、7日到達すると
1日目から再開されます*
`叡智の業火 X 1
1月交換券(2024) X 1
`*Fate/Samurai Remnant×Fate/Grand Order
コラボレーションイベント
開幕直前特別ログインボーナス*
*開催期間中、1日1回 最大7回ログインボーナスをプレゼント！*
`英霊結晶・星のフォウくん X 5
聖晶石 X 1
`_2024-01-17 20:19:42_
--------
