【登录信息】
*98eb6857da245a3c90732f8349ee9384*
`登陆天数: 162天 / 1429天
等级: 141
石头: 99
呼符: 1
体力: 743.8233333333334 / 140
友情点: 65 / 3647005`
*連続ログイン1日目
※ログインが途切れるか、7日到達すると
1日目から再開されます*
`フレンドポイント X 2000
1月交換券(2024) X 1
`*Fate/Samurai Remnant×Fate/Grand Order
コラボレーションイベント
開幕直前特別ログインボーナス*
*開催期間中、1日1回 最大7回ログインボーナスをプレゼント！*
`英霊結晶・太陽のフォウくん X 5
聖晶石 X 1
`_2024-01-18 20:19:29_
--------
*16d33c918b4fde70c16ab2b98eca2dc7*
`登陆天数: 158天 / 1492天
等级: 127
石头: 513
呼符: 49
体力: 15394.55 / 137
友情点: 0 / 1160460`
*連続ログイン4日目
※ログインが途切れるか、7日到達すると
1日目から再開されます*
`聖晶石 X 1
1月交換券(2024) X 1
`*Fate/Samurai Remnant×Fate/Grand Order
コラボレーションイベント
開幕直前特別ログインボーナス*
*開催期間中、1日1回 最大7回ログインボーナスをプレゼント！*
`英霊結晶・太陽のフォウくん X 5
聖晶石 X 1
`_2024-01-18 20:19:38_
--------
