【登录信息】
*98eb6857da245a3c90732f8349ee9384*
`登陆天数: 165天 / 1432天
等级: 141
石头: 99
呼符: 1
体力: 1607.66 / 140
友情点: 150 / 3647515`
*連続ログイン4日目
※ログインが途切れるか、7日到達すると
1日目から再開されます*
`聖晶石 X 1
1月交換券(2024) X 1
`*盈月剣風帖開幕記念 ログインボーナス*
*開催期間中、1日1回 最大21回ログインボーナスをプレゼント！*
`白銀の果実 X 1
`_2024-01-21 20:18:40_
--------
*16d33c918b4fde70c16ab2b98eca2dc7*
`登陆天数: 161天 / 1495天
等级: 127
石头: 513
呼符: 49
体力: 16258.386666666667 / 137
友情点: 0 / 1160460`
*連続ログイン7日間到達おめでとうございます！
明日は1日目からリスタートされます。*
`獣の足跡 X 1
呼符 X 1
1月交換券(2024) X 1
`*盈月剣風帖開幕記念 ログインボーナス*
*開催期間中、1日1回 最大21回ログインボーナスをプレゼント！*
`白銀の果実 X 1
`_2024-01-21 20:18:49_
--------
