【登录信息】
*98eb6857da245a3c90732f8349ee9384*
`登陆天数: 166天 / 1433天
等级: 141
石头: 99
呼符: 1
体力: 1895.86 / 140
友情点: 100 / 3647615`
*連続ログイン5日目
※ログインが途切れるか、7日到達すると
1日目から再開されます*
`叡智の業火 X 2
1月交換券(2024) X 1
`*リリース3100日突破キャンペーン 初回ログインボーナス*
*開催期間中、初回ログインで「聖晶石×10」をプレゼント！*
`聖晶石 X 10
`_2024-01-22 20:19:41_
--------
*16d33c918b4fde70c16ab2b98eca2dc7*
`登陆天数: 162天 / 1496天
等级: 127
石头: 513
呼符: 49
体力: 16546.586666666666 / 137
友情点: 0 / 1160460`
*連続ログイン1日目
※ログインが途切れるか、7日到達すると
1日目から再開されます*
`フレンドポイント X 2000
1月交換券(2024) X 1
`*リリース3100日突破キャンペーン 初回ログインボーナス*
*開催期間中、初回ログインで「聖晶石×10」をプレゼント！*
`聖晶石 X 10
`_2024-01-22 20:19:49_
--------
