【登录信息】
*98eb6857da245a3c90732f8349ee9384*
`登陆天数: 168天 / 1435天
等级: 141
石头: 161
呼符: 2
体力: 47.79333333333334 / 140
友情点: 310 / 3654515`
*連続ログイン7日間到達おめでとうございます！
明日は1日目からリスタートされます。*
`獣の足跡 X 1
呼符 X 1
1月交換券(2024) X 1
`*盈月剣風帖開幕記念 ログインボーナス*
*開催期間中、1日1回 最大21回ログインボーナスをプレゼント！*
`黄金の果実 X 1
`_2024-01-24 20:20:04_
--------
*16d33c918b4fde70c16ab2b98eca2dc7*
`登陆天数: 164天 / 1498天
等级: 127
石头: 513
呼符: 49
体力: 17122.663333333334 / 137
友情点: 0 / 1160460`
*連続ログイン3日目
※ログインが途切れるか、7日到達すると
1日目から再開されます*
`叡智の業火 X 1
1月交換券(2024) X 1
`*盈月剣風帖開幕記念 ログインボーナス*
*開催期間中、1日1回 最大21回ログインボーナスをプレゼント！*
`黄金の果実 X 1
`_2024-01-24 20:20:12_
--------
