【登录信息】
*98eb6857da245a3c90732f8349ee9384*
`登陆天数: 169天 / 1436天
等级: 141
石头: 161
呼符: 2
体力: 335.31666666666666 / 140
友情点: 110 / 3654625`
*連続ログイン1日目
※ログインが途切れるか、7日到達すると
1日目から再開されます*
`フレンドポイント X 2000
1月交換券(2024) X 1
`*盈月剣風帖開幕記念 ログインボーナス*
*開催期間中、1日1回 最大21回ログインボーナスをプレゼント！*
`白銀の果実 X 1
`_2024-01-25 20:17:41_
--------
*16d33c918b4fde70c16ab2b98eca2dc7*
`登陆天数: 165天 / 1499天
等级: 127
石头: 687
呼符: 63
体力: 224.92000000000002 / 137
友情点: 0 / 1176460`
*連続ログイン4日目
※ログインが途切れるか、7日到達すると
1日目から再開されます*
`聖晶石 X 1
1月交換券(2024) X 1
`*盈月剣風帖開幕記念 ログインボーナス*
*開催期間中、1日1回 最大21回ログインボーナスをプレゼント！*
`白銀の果実 X 1
`_2024-01-25 20:17:50_
--------
