【登录信息】
*98eb6857da245a3c90732f8349ee9384*
`登陆天数: 171天 / 1438天
等级: 141
石头: 161
呼符: 2
体力: 168.72666666666666 / 140
友情点: 155 / 3655145`
*連続ログイン3日目
※ログインが途切れるか、7日到達すると
1日目から再開されます*
`叡智の業火 X 1
1月交換券(2024) X 1
`*盈月剣風帖開幕記念 ログインボーナス*
*開催期間中、1日1回 最大21回ログインボーナスをプレゼント！*
`白銀の果実 X 1
`_2024-01-27 20:17:24_
--------
*16d33c918b4fde70c16ab2b98eca2dc7*
`登陆天数: 167天 / 1501天
等级: 127
石头: 687
呼符: 63
体力: 800.86 / 137
友情点: 0 / 1176460`
*連続ログイン6日目
※ログインが途切れるか、7日到達すると
1日目から再開されます*
`聖晶石 X 2
1月交換券(2024) X 1
`*盈月剣風帖開幕記念 ログインボーナス*
*開催期間中、1日1回 最大21回ログインボーナスをプレゼント！*
`白銀の果実 X 1
`_2024-01-27 20:17:32_
--------
