【登录信息】
*98eb6857da245a3c90732f8349ee9384*
`登陆天数: 173天 / 1440天
等级: 141
石头: 167
呼符: 3
体力: 214.49 / 140
友情点: 10 / 3657775`
*連続ログイン5日目
※ログインが途切れるか、7日到達すると
1日目から再開されます*
`叡智の業火 X 2
1月交換券(2024) X 1
`*盈月剣風帖開幕記念 ログインボーナス*
*開催期間中、1日1回 最大21回ログインボーナスをプレゼント！*
`白銀の果実 X 1
`_2024-01-29 20:18:17_
--------
*16d33c918b4fde70c16ab2b98eca2dc7*
`登陆天数: 169天 / 1503天
等级: 127
石头: 687
呼符: 63
体力: 1377.0366666666666 / 137
友情点: 0 / 1176460`
*連続ログイン1日目
※ログインが途切れるか、7日到達すると
1日目から再開されます*
`フレンドポイント X 2000
1月交換券(2024) X 1
`*盈月剣風帖開幕記念 ログインボーナス*
*開催期間中、1日1回 最大21回ログインボーナスをプレゼント！*
`白銀の果実 X 1
`_2024-01-29 20:18:26_
--------
