【登录信息】
*98eb6857da245a3c90732f8349ee9384*
`登陆天数: 174天 / 1441天
等级: 141
石头: 168
呼符: 3
体力: 147.69666666666666 / 140
友情点: 155 / 3658425`
*連続ログイン6日目
※ログインが途切れるか、7日到達すると
1日目から再開されます*
`聖晶石 X 2
1月交換券(2024) X 1
`*「Fate/stay night」20周年記念特別ログインボーナス*
*開催期間中、1日1回 最大7回ログインボーナスをプレゼント！*
`叡智の猛火 X 20
`_2024-01-30 20:17:16_
--------
*16d33c918b4fde70c16ab2b98eca2dc7*
`登陆天数: 170天 / 1504天
等级: 127
石头: 687
呼符: 63
体力: 1664.8366666666666 / 137
友情点: 0 / 1176460`
*連続ログイン2日目
※ログインが途切れるか、7日到達すると
1日目から再開されます*
`聖晶石 X 1
1月交換券(2024) X 1
`*「Fate/stay night」20周年記念
「Fate/stay night」サーヴァント特別召喚アイテムプレゼント*
*開催期間中、初回ログインで「Fate/stay night 20th記念特別交換チケット」をプレゼント！*
`Fate/stay night 20th記念特別交換チケット X 1
`_2024-01-30 20:17:25_
--------
