【登录信息】
*98eb6857da245a3c90732f8349ee9384*
`登陆天数: 175天 / 1442天
等级: 141
石头: 172
呼符: 3
体力: 79.66333333333333 / 140
友情点: 110 / 3659055`
*連続ログイン7日間到達おめでとうございます！
明日は1日目からリスタートされます。*
`獣の足跡 X 1
呼符 X 1
2月交換券(2024) X 1
`*「Fate/stay night」20周年記念
7万リポスト達成プレゼント*
*開催期間中、初回ログインで「聖晶石×20」をプレゼント！*
`聖晶石 X 20
`_2024-01-31 20:17:25_
--------
*16d33c918b4fde70c16ab2b98eca2dc7*
`登陆天数: 171天 / 1505天
等级: 127
石头: 687
呼符: 63
体力: 1952.8666666666666 / 137
友情点: 0 / 1176460`
*連続ログイン3日目
※ログインが途切れるか、7日到達すると
1日目から再開されます*
`叡智の業火 X 1
2月交換券(2024) X 1
`*「Fate/stay night」20周年記念
7万リポスト達成プレゼント*
*開催期間中、初回ログインで「聖晶石×20」をプレゼント！*
`聖晶石 X 20
`_2024-01-31 20:17:34_
--------
