【登录信息】
*98eb6857da245a3c90732f8349ee9384*
`登陆天数: 178天 / 1445天
等级: 141
石头: 177
呼符: 0
体力: 133.22 / 140
友情点: 85 / 3660255`
*連続ログイン3日目
※ログインが途切れるか、7日到達すると
1日目から再開されます*
`叡智の業火 X 1
2月交換券(2024) X 1
`*日替りログインボーナス*
*開催期間中、1日1回 2週間日替りでログインボーナスをプレゼント！*
`巡霊の葉 X 30
`_2024-02-03 20:17:53_
--------
*16d33c918b4fde70c16ab2b98eca2dc7*
`登陆天数: 174天 / 1508天
等级: 127
石头: 687
呼符: 63
体力: 2816.96 / 137
友情点: 0 / 1176460`
*連続ログイン6日目
※ログインが途切れるか、7日到達すると
1日目から再開されます*
`聖晶石 X 2
2月交換券(2024) X 1
`*日替りログインボーナス*
*開催期間中、1日1回 2週間日替りでログインボーナスをプレゼント！*
`巡霊の葉 X 30
`_2024-02-03 20:18:02_
--------
