【登录信息】
*98eb6857da245a3c90732f8349ee9384*
`登陆天数: 179天 / 1446天
等级: 141
石头: 178
呼符: 0
体力: 73.32333333333334 / 140
友情点: 180 / 3660655`
*連続ログイン4日目
※ログインが途切れるか、7日到達すると
1日目から再開されます*
`聖晶石 X 1
2月交換券(2024) X 1
`*日替りログインボーナス*
*開催期間中、1日1回 2週間日替りでログインボーナスをプレゼント！*
`聖晶石 X 1
巡霊の葉 X 80
`_2024-02-04 20:16:41_
--------
*16d33c918b4fde70c16ab2b98eca2dc7*
`登陆天数: 175天 / 1509天
等级: 127
石头: 687
呼符: 63
体力: 3104.72 / 137
友情点: 0 / 1176460`
*連続ログイン7日間到達おめでとうございます！
明日は1日目からリスタートされます。*
`獣の足跡 X 1
呼符 X 1
2月交換券(2024) X 1
`*日替りログインボーナス*
*開催期間中、1日1回 2週間日替りでログインボーナスをプレゼント！*
`聖晶石 X 1
巡霊の葉 X 80
`_2024-02-04 20:16:50_
--------
