【登录信息】
*98eb6857da245a3c90732f8349ee9384*
`登陆天数: 182天 / 1449天
等级: 142
石头: 188
呼符: 2
体力: 221.74 / 140
友情点: 40 / 3665155`
*連続ログイン7日間到達おめでとうございます！
明日は1日目からリスタートされます。*
`獣の足跡 X 1
呼符 X 1
2月交換券(2024) X 1
`*日替りログインボーナス*
*開催期間中、1日1回 2週間日替りでログインボーナスをプレゼント！*
`聖晶石 X 3
巡霊の葉 X 50
`_2024-02-07 20:17:08_
--------
*16d33c918b4fde70c16ab2b98eca2dc7*
`登陆天数: 178天 / 1512天
等级: 127
石头: 687
呼符: 63
体力: 3968.81 / 137
友情点: 0 / 1176460`
*連続ログイン3日目
※ログインが途切れるか、7日到達すると
1日目から再開されます*
`叡智の業火 X 1
2月交換券(2024) X 1
`*日替りログインボーナス*
*開催期間中、1日1回 2週間日替りでログインボーナスをプレゼント！*
`聖晶石 X 3
巡霊の葉 X 50
`_2024-02-07 20:17:17_
--------
