【登录信息】
*98eb6857da245a3c90732f8349ee9384*
`登陆天数: 183天 / 1450天
等级: 142
石头: 188
呼符: 2
体力: 509.7966666666667 / 140
友情点: 100 / 3665255`
*連続ログイン1日目
※ログインが途切れるか、7日到達すると
1日目から再開されます*
`フレンドポイント X 2000
2月交換券(2024) X 1
`*日替りログインボーナス*
*開催期間中、1日1回 2週間日替りでログインボーナスをプレゼント！*
`聖晶石 X 1
巡霊の葉 X 50
`_2024-02-08 20:17:26_
--------
*16d33c918b4fde70c16ab2b98eca2dc7*
`登陆天数: 179天 / 1513天
等级: 127
石头: 687
呼符: 63
体力: 4256.866666666667 / 137
友情点: 0 / 1176460`
*連続ログイン4日目
※ログインが途切れるか、7日到達すると
1日目から再開されます*
`聖晶石 X 1
2月交換券(2024) X 1
`*日替りログインボーナス*
*開催期間中、1日1回 2週間日替りでログインボーナスをプレゼント！*
`聖晶石 X 1
巡霊の葉 X 50
`_2024-02-08 20:17:34_
--------
