【登录信息】
*98eb6857da245a3c90732f8349ee9384*
`登陆天数: 186天 / 1453天
等级: 142
石头: 194
呼符: 2
体力: 246.22333333333333 / 140
友情点: 140 / 3665820`
*連続ログイン4日目
※ログインが途切れるか、7日到達すると
1日目から再開されます*
`聖晶石 X 1
2月交換券(2024) X 1
`*「FGO カルデア・サテライトステーション 2023-2024」新潟会場開催記念 3万リポスト達成プレゼント*
*開催期間中、初回ログインで「聖晶石×6」をプレゼント！*
`聖晶石 X 6
`_2024-02-11 20:17:33_
--------
*16d33c918b4fde70c16ab2b98eca2dc7*
`登陆天数: 182天 / 1516天
等级: 127
石头: 687
呼符: 63
体力: 5120.893333333333 / 137
友情点: 0 / 1176460`
*連続ログイン7日間到達おめでとうございます！
明日は1日目からリスタートされます。*
`獣の足跡 X 1
呼符 X 1
2月交換券(2024) X 1
`*「FGO カルデア・サテライトステーション 2023-2024」新潟会場開催記念 3万リポスト達成プレゼント*
*開催期間中、初回ログインで「聖晶石×6」をプレゼント！*
`聖晶石 X 6
`_2024-02-11 20:17:42_
--------
