【登录信息】
*98eb6857da245a3c90732f8349ee9384*
`登陆天数: 187天 / 1454天
等级: 142
石头: 194
呼符: 2
体力: 534.2066666666667 / 140
友情点: 20 / 3665840`
*連続ログイン5日目
※ログインが途切れるか、7日到達すると
1日目から再開されます*
`叡智の業火 X 2
2月交換券(2024) X 1
`*日替りログインボーナス*
*開催期間中、1日1回 2週間日替りでログインボーナスをプレゼント！*
`巡霊の葉 X 30
`_2024-02-12 20:17:27_
--------
*16d33c918b4fde70c16ab2b98eca2dc7*
`登陆天数: 183天 / 1517天
等级: 127
石头: 687
呼符: 63
体力: 5408.876666666667 / 137
友情点: 0 / 1176460`
*連続ログイン1日目
※ログインが途切れるか、7日到達すると
1日目から再開されます*
`フレンドポイント X 2000
2月交換券(2024) X 1
`*日替りログインボーナス*
*開催期間中、1日1回 2週間日替りでログインボーナスをプレゼント！*
`巡霊の葉 X 30
`_2024-02-12 20:17:37_
--------
