【登录信息】
*98eb6857da245a3c90732f8349ee9384*
`登陆天数: 188天 / 1455天
等级: 142
石头: 194
呼符: 2
体力: 822.7766666666666 / 140
友情点: 90 / 3665930`
*連続ログイン6日目
※ログインが途切れるか、7日到達すると
1日目から再開されます*
`聖晶石 X 2
2月交換券(2024) X 1
`*日替りログインボーナス*
*開催期間中、1日1回 2週間日替りでログインボーナスをプレゼント！*
`巡霊の葉 X 30
`_2024-02-13 20:20:20_
--------
*16d33c918b4fde70c16ab2b98eca2dc7*
`登陆天数: 184天 / 1518天
等级: 127
石头: 687
呼符: 63
体力: 5697.45 / 137
友情点: 0 / 1176460`
*連続ログイン2日目
※ログインが途切れるか、7日到達すると
1日目から再開されます*
`聖晶石 X 1
2月交換券(2024) X 1
`*バレンタイン2024
開幕直前特別ログインボーナス*
*開催期間中、1日1回 最大7回ログインボーナスをプレゼント！*
`マナプリズム X 50
`_2024-02-13 20:20:29_
--------
