【登录信息】
*98eb6857da245a3c90732f8349ee9384*
`登陆天数: 83天 / 1350天
等级: 140
石头: 111
呼符: 5
体力: 87.60666666666667 / 140
友情点: 130 / 3188930`
*連続ログイン6日目
※ログインが途切れるか、7日到達すると
1日目から再開されます*
`聖晶石 X 2
11月交換券(2023) X 1
`*聖杯戦線 ～白天の城、黒夜の城～開幕記念 ログインボーナス*
*開催期間中、1日1回 最大21回ログインボーナスをプレゼント！*
`白銀の果実 X 1
`_2023-10-31 20:14:11_
--------
*16d33c918b4fde70c16ab2b98eca2dc7*
`登陆天数: 79天 / 1413天
等级: 127
石头: 209
呼符: 23
体力: 161.00333333333333 / 137
友情点: 0 / 1130460`
*連続ログイン2日目
※ログインが途切れるか、7日到達すると
1日目から再開されます*
`聖晶石 X 1
11月交換券(2023) X 1
`*聖杯戦線 ～白天の城、黒夜の城～開幕記念 ログインボーナス*
*開催期間中、1日1回 最大21回ログインボーナスをプレゼント！*
`白銀の果実 X 1
`_2023-10-31 20:14:20_
--------
