【登录信息】
*98eb6857da245a3c90732f8349ee9384*
`登陆天数: 86天 / 1353天
等级: 140
石头: 111
呼符: 5
体力: 951.8233333333334 / 140
友情点: 120 / 3189360`
*連続ログイン2日目
※ログインが途切れるか、7日到達すると
1日目から再開されます*
`聖晶石 X 1
11月交換券(2023) X 1
`*聖杯戦線 ～白天の城、黒夜の城～開幕記念 ログインボーナス*
*開催期間中、1日1回 最大21回ログインボーナスをプレゼント！*
`白銀の果実 X 1
`_2023-11-03 20:15:16_
--------
*16d33c918b4fde70c16ab2b98eca2dc7*
`登陆天数: 82天 / 1416天
等级: 127
石头: 209
呼符: 23
体力: 1025.22 / 137
友情点: 0 / 1130460`
*連続ログイン5日目
※ログインが途切れるか、7日到達すると
1日目から再開されます*
`叡智の業火 X 2
11月交換券(2023) X 1
`*聖杯戦線 ～白天の城、黒夜の城～開幕記念 ログインボーナス*
*開催期間中、1日1回 最大21回ログインボーナスをプレゼント！*
`白銀の果実 X 1
`_2023-11-03 20:15:25_
--------
