【登录信息】
*98eb6857da245a3c90732f8349ee9384*
`登陆天数: 91天 / 1358天
等级: 140
石头: 111
呼符: 5
体力: 2391.653333333333 / 140
友情点: 240 / 3190660`
*連続ログイン7日間到達おめでとうございます！
明日は1日目からリスタートされます。*
`獣の足跡 X 1
呼符 X 1
11月交換券(2023) X 1
`*聖杯戦線 ～白天の城、黒夜の城～開幕記念 ログインボーナス*
*開催期間中、1日1回 最大21回ログインボーナスをプレゼント！*
`黄金の果実 X 1
`_2023-11-08 20:14:25_
--------
*16d33c918b4fde70c16ab2b98eca2dc7*
`登陆天数: 87天 / 1421天
等级: 127
石头: 209
呼符: 23
体力: 2465.05 / 137
友情点: 0 / 1130460`
*連続ログイン3日目
※ログインが途切れるか、7日到達すると
1日目から再開されます*
`叡智の業火 X 1
11月交換券(2023) X 1
`*聖杯戦線 ～白天の城、黒夜の城～開幕記念 ログインボーナス*
*開催期間中、1日1回 最大21回ログインボーナスをプレゼント！*
`黄金の果実 X 1
`_2023-11-08 20:14:34_
--------
