【登录信息】
*98eb6857da245a3c90732f8349ee9384*
`登陆天数: 95天 / 1362天
等级: 140
石头: 111
呼符: 5
体力: 3543.45 / 140
友情点: 365 / 3192905`
*連続ログイン4日目
※ログインが途切れるか、7日到達すると
1日目から再開されます*
`聖晶石 X 1
11月交換券(2023) X 1
`*聖杯戦線 ～白天の城、黒夜の城～開幕記念 ログインボーナス*
*開催期間中、1日1回 最大21回ログインボーナスをプレゼント！*
`白銀の果実 X 1
`_2023-11-12 20:13:23_
--------
*16d33c918b4fde70c16ab2b98eca2dc7*
`登陆天数: 91天 / 1425天
等级: 127
石头: 209
呼符: 28
体力: 3616.8433333333332 / 137
友情点: 0 / 1130460`
*連続ログイン7日間到達おめでとうございます！
明日は1日目からリスタートされます。*
`獣の足跡 X 1
呼符 X 1
11月交換券(2023) X 1
`*聖杯戦線 ～白天の城、黒夜の城～開幕記念 ログインボーナス*
*開催期間中、1日1回 最大21回ログインボーナスをプレゼント！*
`白銀の果実 X 1
`_2023-11-12 20:13:32_
--------
