【登录信息】
*98eb6857da245a3c90732f8349ee9384*
`登陆天数: 96天 / 1363天
等级: 140
石头: 111
呼符: 5
体力: 3831.43 / 140
友情点: 240 / 3194365`
*連続ログイン5日目
※ログインが途切れるか、7日到達すると
1日目から再開されます*
`叡智の業火 X 2
11月交換券(2023) X 1
`*聖杯戦線 ～白天の城、黒夜の城～開幕記念 ログインボーナス*
*開催期間中、1日1回 最大21回ログインボーナスをプレゼント！*
`白銀の果実 X 1
`_2023-11-13 20:13:18_
--------
*16d33c918b4fde70c16ab2b98eca2dc7*
`登陆天数: 92天 / 1426天
等级: 127
石头: 209
呼符: 28
体力: 3904.826666666667 / 137
友情点: 0 / 1130460`
*連続ログイン1日目
※ログインが途切れるか、7日到達すると
1日目から再開されます*
`フレンドポイント X 2000
11月交換券(2023) X 1
`*聖杯戦線 ～白天の城、黒夜の城～開幕記念 ログインボーナス*
*開催期間中、1日1回 最大21回ログインボーナスをプレゼント！*
`白銀の果実 X 1
`_2023-11-13 20:13:27_
--------
