【登录信息】
*98eb6857da245a3c90732f8349ee9384*
`登陆天数: 98天 / 1365天
等级: 140
石头: 111
呼符: 5
体力: 4407.803333333333 / 140
友情点: 210 / 3194945`
*連続ログイン7日間到達おめでとうございます！
明日は1日目からリスタートされます。*
`獣の足跡 X 1
呼符 X 1
11月交換券(2023) X 1
`*使用期限付コンティニューアイテムプレゼント！*
*開催期間中、初回ログインでコンティニューアイテム「霊脈石×3」をプレゼント！*
`霊脈石 X 3
`_2023-11-15 20:15:09_
--------
*16d33c918b4fde70c16ab2b98eca2dc7*
`登陆天数: 94天 / 1428天
等级: 127
石头: 209
呼符: 28
体力: 4481.196666666667 / 137
友情点: 0 / 1130460`
*連続ログイン3日目
※ログインが途切れるか、7日到達すると
1日目から再開されます*
`叡智の業火 X 1
11月交換券(2023) X 1
`*使用期限付コンティニューアイテムプレゼント！*
*開催期間中、初回ログインでコンティニューアイテム「霊脈石×3」をプレゼント！*
`霊脈石 X 3
`_2023-11-15 20:15:18_
--------
