【登录信息】
*98eb6857da245a3c90732f8349ee9384*
`登陆天数: 100天 / 1367天
等级: 140
石头: 111
呼符: 5
体力: 4983.8533333333335 / 140
友情点: 225 / 3195490`
*連続ログイン2日目
※ログインが途切れるか、7日到達すると
1日目から再開されます*
`聖晶石 X 1
11月交換券(2023) X 1
`*2900万DL突破記念 特別回数ログインボーナス*
*開催期間中、1日1回 最大10回 回数ログインボーナスをプレゼント！*
`白銀の果実 X 10
`_2023-11-17 20:15:24_
--------
*16d33c918b4fde70c16ab2b98eca2dc7*
`登陆天数: 96天 / 1430天
等级: 127
石头: 209
呼符: 28
体力: 5057.246666666667 / 137
友情点: 0 / 1130460`
*連続ログイン5日目
※ログインが途切れるか、7日到達すると
1日目から再開されます*
`叡智の業火 X 2
11月交換券(2023) X 1
`*2900万DL突破記念 特別回数ログインボーナス*
*開催期間中、1日1回 最大10回 回数ログインボーナスをプレゼント！*
`白銀の果実 X 10
`_2023-11-17 20:15:33_
--------
