【登录信息】
*98eb6857da245a3c90732f8349ee9384*
`登陆天数: 101天 / 1368天
等级: 140
石头: 111
呼符: 15
体力: 149.12333333333333 / 140
友情点: 170 / 3196115`
*連続ログイン3日目
※ログインが途切れるか、7日到達すると
1日目から再開されます*
`叡智の業火 X 1
11月交換券(2023) X 1
`*2900万DL突破記念 特別回数ログインボーナス*
*開催期間中、1日1回 最大10回 回数ログインボーナスをプレゼント！*
`マナプリズム X 100
黄金の果実 X 10
`_2023-11-18 20:13:56_
--------
*16d33c918b4fde70c16ab2b98eca2dc7*
`登陆天数: 97天 / 1431天
等级: 127
石头: 209
呼符: 28
体力: 5344.953333333333 / 137
友情点: 0 / 1130460`
*連続ログイン6日目
※ログインが途切れるか、7日到達すると
1日目から再開されます*
`聖晶石 X 2
11月交換券(2023) X 1
`*2900万DL突破記念 特別回数ログインボーナス*
*開催期間中、1日1回 最大10回 回数ログインボーナスをプレゼント！*
`マナプリズム X 100
黄金の果実 X 10
`_2023-11-18 20:14:05_
--------
