【登录信息】
*98eb6857da245a3c90732f8349ee9384*
`登陆天数: 102天 / 1369天
等级: 140
石头: 342
呼符: 28
体力: 164.54333333333332 / 140
友情点: 260 / 3197085`
*連続ログイン4日目
※ログインが途切れるか、7日到達すると
1日目から再開されます*
`聖晶石 X 1
11月交換券(2023) X 1
`*2900万DL突破記念 特別回数ログインボーナス*
*開催期間中、1日1回 最大10回 回数ログインボーナスをプレゼント！*
`QP X 10000000
`_2023-11-19 20:14:10_
--------
*16d33c918b4fde70c16ab2b98eca2dc7*
`登陆天数: 98天 / 1432天
等级: 127
石头: 209
呼符: 28
体力: 5633.0 / 137
友情点: 0 / 1130460`
*連続ログイン7日間到達おめでとうございます！
明日は1日目からリスタートされます。*
`獣の足跡 X 1
呼符 X 1
11月交換券(2023) X 1
`*2900万DL突破記念 特別回数ログインボーナス*
*開催期間中、1日1回 最大10回 回数ログインボーナスをプレゼント！*
`QP X 10000000
`_2023-11-19 20:14:19_
--------
