【登录信息】
*98eb6857da245a3c90732f8349ee9384*
`登陆天数: 103天 / 1370天
等级: 140
石头: 342
呼符: 28
体力: 452.8066666666667 / 140
友情点: 100 / 3197205`
*連続ログイン5日目
※ログインが途切れるか、7日到達すると
1日目から再開されます*
`叡智の業火 X 2
11月交換券(2023) X 1
`*2900万DL突破記念 特別回数ログインボーナス*
*開催期間中、1日1回 最大10回 回数ログインボーナスをプレゼント！*
`叡智の業火 X 10
`_2023-11-20 20:15:29_
--------
*16d33c918b4fde70c16ab2b98eca2dc7*
`登陆天数: 99天 / 1433天
等级: 127
石头: 209
呼符: 28
体力: 5921.263333333333 / 137
友情点: 0 / 1130460`
*連続ログイン1日目
※ログインが途切れるか、7日到達すると
1日目から再開されます*
`フレンドポイント X 2000
11月交換券(2023) X 1
`*2900万DL突破記念 特別回数ログインボーナス*
*開催期間中、1日1回 最大10回 回数ログインボーナスをプレゼント！*
`叡智の業火 X 10
`_2023-11-20 20:15:38_
--------
