【登录信息】
*98eb6857da245a3c90732f8349ee9384*
`登陆天数: 104天 / 1371天
等级: 140
石头: 342
呼符: 28
体力: 106.94 / 140
友情点: 100 / 3197435`
*連続ログイン6日目
※ログインが途切れるか、7日到達すると
1日目から再開されます*
`聖晶石 X 2
11月交換券(2023) X 1
`*2900万DL突破記念 特別回数ログインボーナス*
*開催期間中、1日1回 最大10回 回数ログインボーナスをプレゼント！*
`英霊結晶・星のフォウくん X 10
英霊結晶・太陽のフォウくん X 10
`_2023-11-21 20:13:50_
--------
*16d33c918b4fde70c16ab2b98eca2dc7*
`登陆天数: 100天 / 1434天
等级: 127
石头: 209
呼符: 28
体力: 6208.9366666666665 / 137
友情点: 0 / 1130460`
*連続ログイン2日目
※ログインが途切れるか、7日到達すると
1日目から再開されます*
`聖晶石 X 1
11月交換券(2023) X 1
`*2900万DL突破記念 特別回数ログインボーナス*
*開催期間中、1日1回 最大10回 回数ログインボーナスをプレゼント！*
`英霊結晶・星のフォウくん X 10
英霊結晶・太陽のフォウくん X 10
`_2023-11-21 20:13:59_
--------
