【登录信息】
*98eb6857da245a3c90732f8349ee9384*
`登陆天数: 105天 / 1372天
等级: 140
石头: 342
呼符: 28
体力: 395.1533333333333 / 140
友情点: 275 / 3197710`
*連続ログイン7日間到達おめでとうございます！
明日は1日目からリスタートされます。*
`獣の足跡 X 1
呼符 X 1
11月交換券(2023) X 1
`*日替りログインボーナス*
*開催期間中、1日1回 2週間日替りでログインボーナスをプレゼント！*
`巡霊の葉 X 30
`_2023-11-22 20:14:54_
--------
*16d33c918b4fde70c16ab2b98eca2dc7*
`登陆天数: 101天 / 1435天
等级: 127
石头: 209
呼符: 28
体力: 6497.15 / 137
友情点: 0 / 1130460`
*連続ログイン3日目
※ログインが途切れるか、7日到達すると
1日目から再開されます*
`叡智の業火 X 1
11月交換券(2023) X 1
`*日替りログインボーナス*
*開催期間中、1日1回 2週間日替りでログインボーナスをプレゼント！*
`巡霊の葉 X 30
`_2023-11-22 20:15:03_
--------
