【登录信息】
*98eb6857da245a3c90732f8349ee9384*
`登陆天数: 106天 / 1373天
等级: 140
石头: 342
呼符: 28
体力: 683.08 / 140
友情点: 120 / 3197830`
*連続ログイン1日目
※ログインが途切れるか、7日到達すると
1日目から再開されます*
`フレンドポイント X 2000
11月交換券(2023) X 1
`*日替りログインボーナス*
*開催期間中、1日1回 2週間日替りでログインボーナスをプレゼント！*
`巡霊の葉 X 30
`_2023-11-23 20:14:33_
--------
*16d33c918b4fde70c16ab2b98eca2dc7*
`登陆天数: 102天 / 1436天
等级: 127
石头: 209
呼符: 28
体力: 6785.076666666667 / 137
友情点: 0 / 1130460`
*連続ログイン4日目
※ログインが途切れるか、7日到達すると
1日目から再開されます*
`聖晶石 X 1
11月交換券(2023) X 1
`*日替りログインボーナス*
*開催期間中、1日1回 2週間日替りでログインボーナスをプレゼント！*
`巡霊の葉 X 30
`_2023-11-23 20:14:42_
--------
