【登录信息】
*98eb6857da245a3c90732f8349ee9384*
`登陆天数: 108天 / 1375天
等级: 140
石头: 342
呼符: 28
体力: 1258.8933333333334 / 140
友情点: 235 / 3198265`
*連続ログイン3日目
※ログインが途切れるか、7日到達すると
1日目から再開されます*
`叡智の業火 X 1
11月交換券(2023) X 1
`*日替りログインボーナス*
*開催期間中、1日1回 2週間日替りでログインボーナスをプレゼント！*
`巡霊の葉 X 30
`_2023-11-25 20:13:36_
--------
*16d33c918b4fde70c16ab2b98eca2dc7*
`登陆天数: 104天 / 1438天
等级: 127
石头: 209
呼符: 28
体力: 7360.886666666666 / 137
友情点: 0 / 1130460`
*連続ログイン6日目
※ログインが途切れるか、7日到達すると
1日目から再開されます*
`聖晶石 X 2
11月交換券(2023) X 1
`*日替りログインボーナス*
*開催期間中、1日1回 2週間日替りでログインボーナスをプレゼント！*
`巡霊の葉 X 30
`_2023-11-25 20:13:45_
--------
