【登录信息】
*98eb6857da245a3c90732f8349ee9384*
`登陆天数: 109天 / 1376天
等级: 140
石头: 342
呼符: 28
体力: 1546.96 / 140
友情点: 230 / 3198495`
*連続ログイン4日目
※ログインが途切れるか、7日到達すると
1日目から再開されます*
`聖晶石 X 1
11月交換券(2023) X 1
`*日替りログインボーナス*
*開催期間中、1日1回 2週間日替りでログインボーナスをプレゼント！*
`巡霊の葉 X 30
`_2023-11-26 20:13:56_
--------
*16d33c918b4fde70c16ab2b98eca2dc7*
`登陆天数: 105天 / 1439天
等级: 127
石头: 455
呼符: 43
体力: 129.44 / 137
友情点: 0 / 1158460`
*連続ログイン7日間到達おめでとうございます！
明日は1日目からリスタートされます。*
`獣の足跡 X 1
呼符 X 1
11月交換券(2023) X 1
`*日替りログインボーナス*
*開催期間中、1日1回 2週間日替りでログインボーナスをプレゼント！*
`巡霊の葉 X 30
`_2023-11-26 20:14:05_
--------
