【登录信息】
*98eb6857da245a3c90732f8349ee9384*
`登陆天数: 110天 / 1377天
等级: 140
石头: 342
呼符: 28
体力: 1835.1133333333332 / 140
友情点: 170 / 3199305`
*連続ログイン5日目
※ログインが途切れるか、7日到達すると
1日目から再開されます*
`叡智の業火 X 2
11月交換券(2023) X 1
`*日替りログインボーナス*
*開催期間中、1日1回 2週間日替りでログインボーナスをプレゼント！*
`巡霊の葉 X 30
`_2023-11-27 20:14:43_
--------
*16d33c918b4fde70c16ab2b98eca2dc7*
`登陆天数: 106天 / 1440天
等级: 127
石头: 455
呼符: 43
体力: 417.5933333333333 / 137
友情点: 0 / 1158460`
*連続ログイン1日目
※ログインが途切れるか、7日到達すると
1日目から再開されます*
`フレンドポイント X 2000
11月交換券(2023) X 1
`*日替りログインボーナス*
*開催期間中、1日1回 2週間日替りでログインボーナスをプレゼント！*
`巡霊の葉 X 30
`_2023-11-27 20:14:51_
--------
