【登录信息】
*98eb6857da245a3c90732f8349ee9384*
`登陆天数: 111天 / 1378天
等级: 140
石头: 342
呼符: 28
体力: 2123.2766666666666 / 140
友情点: 180 / 3200295`
*連続ログイン6日目
※ログインが途切れるか、7日到達すると
1日目から再開されます*
`聖晶石 X 2
11月交換券(2023) X 1
`*日替りログインボーナス*
*開催期間中、1日1回 2週間日替りでログインボーナスをプレゼント！*
`聖晶石 X 3
巡霊の葉 X 50
`_2023-11-28 20:15:32_
--------
*16d33c918b4fde70c16ab2b98eca2dc7*
`登陆天数: 107天 / 1441天
等级: 127
石头: 455
呼符: 43
体力: 705.76 / 137
友情点: 0 / 1158460`
*連続ログイン2日目
※ログインが途切れるか、7日到達すると
1日目から再開されます*
`聖晶石 X 1
11月交換券(2023) X 1
`*日替りログインボーナス*
*開催期間中、1日1回 2週間日替りでログインボーナスをプレゼント！*
`聖晶石 X 3
巡霊の葉 X 50
`_2023-11-28 20:15:41_
--------
