【登录信息】
*98eb6857da245a3c90732f8349ee9384*
`登陆天数: 112天 / 1379天
等级: 140
石头: 342
呼符: 28
体力: 2411.23 / 140
友情点: 210 / 3200705`
*連続ログイン7日間到達おめでとうございます！
明日は1日目からリスタートされます。*
`獣の足跡 X 1
呼符 X 1
11月交換券(2023) X 1
`*日替りログインボーナス*
*開催期間中、1日1回 2週間日替りでログインボーナスをプレゼント！*
`巡霊の葉 X 30
`_2023-11-29 20:15:18_
--------
*16d33c918b4fde70c16ab2b98eca2dc7*
`登陆天数: 108天 / 1442天
等级: 127
石头: 455
呼符: 43
体力: 993.7133333333334 / 137
友情点: 0 / 1158460`
*連続ログイン3日目
※ログインが途切れるか、7日到達すると
1日目から再開されます*
`叡智の業火 X 1
11月交換券(2023) X 1
`*日替りログインボーナス*
*開催期間中、1日1回 2週間日替りでログインボーナスをプレゼント！*
`巡霊の葉 X 30
`_2023-11-29 20:15:27_
--------
