【登录信息】
*98eb6857da245a3c90732f8349ee9384*
`登陆天数: 114天 / 1381天
等级: 140
石头: 342
呼符: 28
体力: 2987.2 / 140
友情点: 90 / 3200920`
*連続ログイン2日目
※ログインが途切れるか、7日到達すると
1日目から再開されます*
`聖晶石 X 1
12月交換券(2023) X 1
`*日替りログインボーナス*
*開催期間中、1日1回 2週間日替りでログインボーナスをプレゼント！*
`聖晶石 X 2
巡霊の葉 X 100
`_2023-12-01 20:15:09_
--------
*16d33c918b4fde70c16ab2b98eca2dc7*
`登陆天数: 110天 / 1444天
等级: 127
石头: 455
呼符: 43
体力: 1569.6833333333334 / 137
友情点: 0 / 1158460`
*連続ログイン5日目
※ログインが途切れるか、7日到達すると
1日目から再開されます*
`叡智の業火 X 2
12月交換券(2023) X 1
`*日替りログインボーナス*
*開催期間中、1日1回 2週間日替りでログインボーナスをプレゼント！*
`聖晶石 X 2
巡霊の葉 X 100
`_2023-12-01 20:15:18_
--------
