【登录信息】
*98eb6857da245a3c90732f8349ee9384*
`登陆天数: 115天 / 1382天
等级: 140
石头: 342
呼符: 28
体力: 3274.923333333333 / 140
友情点: 205 / 3201125`
*連続ログイン3日目
※ログインが途切れるか、7日到達すると
1日目から再開されます*
`叡智の業火 X 1
12月交換券(2023) X 1
`*日替りログインボーナス*
*開催期間中、1日1回 2週間日替りでログインボーナスをプレゼント！*
`巡霊の葉 X 30
`_2023-12-02 20:13:45_
--------
*16d33c918b4fde70c16ab2b98eca2dc7*
`登陆天数: 111天 / 1445天
等级: 127
石头: 455
呼符: 43
体力: 1857.4033333333334 / 137
友情点: 0 / 1158460`
*連続ログイン6日目
※ログインが途切れるか、7日到達すると
1日目から再開されます*
`聖晶石 X 2
12月交換券(2023) X 1
`*日替りログインボーナス*
*開催期間中、1日1回 2週間日替りでログインボーナスをプレゼント！*
`巡霊の葉 X 30
`_2023-12-02 20:13:54_
--------
