【登录信息】
*98eb6857da245a3c90732f8349ee9384*
`登陆天数: 116天 / 1383天
等级: 141
石头: 426
呼符: 38
体力: 159.75666666666666 / 140
友情点: 70 / 3160355`
*連続ログイン4日目
※ログインが途切れるか、7日到達すると
1日目から再開されます*
`聖晶石 X 1
12月交換券(2023) X 1
`*日替りログインボーナス*
*開催期間中、1日1回 2週間日替りでログインボーナスをプレゼント！*
`巡霊の葉 X 30
`_2023-12-03 20:13:55_
--------
*16d33c918b4fde70c16ab2b98eca2dc7*
`登陆天数: 112天 / 1446天
等级: 127
石头: 513
呼符: 49
体力: 2145.4366666666665 / 137
友情点: 0 / 1160460`
*連続ログイン7日間到達おめでとうございます！
明日は1日目からリスタートされます。*
`獣の足跡 X 1
呼符 X 1
12月交換券(2023) X 1
`*日替りログインボーナス*
*開催期間中、1日1回 2週間日替りでログインボーナスをプレゼント！*
`巡霊の葉 X 30
`_2023-12-03 20:14:04_
--------
