【登录信息】
*98eb6857da245a3c90732f8349ee9384*
`登陆天数: 117天 / 1384天
等级: 141
石头: 426
呼符: 38
体力: 187.51666666666665 / 140
友情点: 210 / 3160745`
*連続ログイン5日目
※ログインが途切れるか、7日到達すると
1日目から再開されます*
`叡智の業火 X 2
12月交換券(2023) X 1
`*日替りログインボーナス*
*開催期間中、1日1回 2週間日替りでログインボーナスをプレゼント！*
`巡霊の葉 X 30
`_2023-12-04 20:14:59_
--------
*16d33c918b4fde70c16ab2b98eca2dc7*
`登陆天数: 113天 / 1447天
等级: 127
石头: 513
呼符: 49
体力: 2433.65 / 137
友情点: 0 / 1160460`
*連続ログイン1日目
※ログインが途切れるか、7日到達すると
1日目から再開されます*
`フレンドポイント X 2000
12月交換券(2023) X 1
`*日替りログインボーナス*
*開催期間中、1日1回 2週間日替りでログインボーナスをプレゼント！*
`巡霊の葉 X 30
`_2023-12-04 20:15:08_
--------
