【登录信息】
*98eb6857da245a3c90732f8349ee9384*
`登陆天数: 118天 / 1385天
等级: 141
石头: 426
呼符: 38
体力: 475.6533333333333 / 140
友情点: 190 / 3161345`
*連続ログイン6日目
※ログインが途切れるか、7日到達すると
1日目から再開されます*
`聖晶石 X 2
12月交換券(2023) X 1
`*日替りログインボーナス*
*開催期間中、1日1回 2週間日替りでログインボーナスをプレゼント！*
`聖晶石 X 3
巡霊の葉 X 50
`_2023-12-05 20:15:41_
--------
*16d33c918b4fde70c16ab2b98eca2dc7*
`登陆天数: 114天 / 1448天
等级: 127
石头: 513
呼符: 49
体力: 2721.79 / 137
友情点: 0 / 1160460`
*連続ログイン2日目
※ログインが途切れるか、7日到達すると
1日目から再開されます*
`聖晶石 X 1
12月交換券(2023) X 1
`*日替りログインボーナス*
*開催期間中、1日1回 2週間日替りでログインボーナスをプレゼント！*
`聖晶石 X 3
巡霊の葉 X 50
`_2023-12-05 20:15:49_
--------
