【登录信息】
*98eb6857da245a3c90732f8349ee9384*
`登陆天数: 119天 / 1386天
等级: 141
石头: 426
呼符: 38
体力: 763.5933333333334 / 140
友情点: 110 / 3161455`
*連続ログイン7日間到達おめでとうございます！
明日は1日目からリスタートされます。*
`獣の足跡 X 1
呼符 X 1
12月交換券(2023) X 1
`*激走！川中島24時 ぐだぐだ超五稜郭 殺しのサインはM51
開幕記念 ログインボーナス*
*開催期間中、1日1回 最大21回ログインボーナスをプレゼント！*
`黄金の果実 X 1
`_2023-12-06 20:15:22_
--------
*16d33c918b4fde70c16ab2b98eca2dc7*
`登陆天数: 115天 / 1449天
等级: 127
石头: 513
呼符: 49
体力: 3009.7266666666665 / 137
友情点: 0 / 1160460`
*連続ログイン3日目
※ログインが途切れるか、7日到達すると
1日目から再開されます*
`叡智の業火 X 1
12月交換券(2023) X 1
`*激走！川中島24時 ぐだぐだ超五稜郭 殺しのサインはM51
開幕記念 ログインボーナス*
*開催期間中、1日1回 最大21回ログインボーナスをプレゼント！*
`黄金の果実 X 1
`_2023-12-06 20:15:31_
--------
