【登录信息】
*98eb6857da245a3c90732f8349ee9384*
`登陆天数: 121天 / 1388天
等级: 141
石头: 432
呼符: 39
体力: 79.89333333333333 / 140
友情点: 70 / 3164280`
*連続ログイン2日目
※ログインが途切れるか、7日到達すると
1日目から再開されます*
`聖晶石 X 1
12月交換券(2023) X 1
`*激走！川中島24時 ぐだぐだ超五稜郭 殺しのサインはM51
開幕記念 ログインボーナス*
*開催期間中、1日1回 最大21回ログインボーナスをプレゼント！*
`白銀の果実 X 1
`_2023-12-08 20:19:15_
--------
*16d33c918b4fde70c16ab2b98eca2dc7*
`登陆天数: 117天 / 1451天
等级: 127
石头: 513
呼符: 49
体力: 3586.5066666666667 / 137
友情点: 0 / 1160460`
*連続ログイン5日目
※ログインが途切れるか、7日到達すると
1日目から再開されます*
`叡智の業火 X 2
12月交換券(2023) X 1
`*激走！川中島24時 ぐだぐだ超五稜郭 殺しのサインはM51
開幕記念 ログインボーナス*
*開催期間中、1日1回 最大21回ログインボーナスをプレゼント！*
`白銀の果実 X 1
`_2023-12-08 20:19:25_
--------
