【登录信息】
*98eb6857da245a3c90732f8349ee9384*
`登陆天数: 124天 / 1391天
等级: 141
石头: 0
呼符: 0
体力: 183.56666666666666 / 140
友情点: 665 / 3085960`
*連続ログイン5日目
※ログインが途切れるか、7日到達すると
1日目から再開されます*
`叡智の業火 X 2
12月交換券(2023) X 1
`*激走！川中島24時 ぐだぐだ超五稜郭 殺しのサインはM51
開幕記念 ログインボーナス*
*開催期間中、1日1回 最大21回ログインボーナスをプレゼント！*
`白銀の果実 X 1
`_2023-12-11 20:19:54_
--------
*16d33c918b4fde70c16ab2b98eca2dc7*
`登陆天数: 120天 / 1454天
等级: 127
石头: 513
呼符: 49
体力: 4450.636666666666 / 137
友情点: 0 / 1160460`
*連続ログイン1日目
※ログインが途切れるか、7日到達すると
1日目から再開されます*
`フレンドポイント X 2000
12月交換券(2023) X 1
`*激走！川中島24時 ぐだぐだ超五稜郭 殺しのサインはM51
開幕記念 ログインボーナス*
*開催期間中、1日1回 最大21回ログインボーナスをプレゼント！*
`白銀の果実 X 1
`_2023-12-11 20:20:04_
--------
