【登录信息】
*98eb6857da245a3c90732f8349ee9384*
`登陆天数: 125天 / 1392天
等级: 141
石头: 0
呼符: 0
体力: 181.80666666666667 / 140
友情点: 145 / 3086525`
*連続ログイン6日目
※ログインが途切れるか、7日到達すると
1日目から再開されます*
`聖晶石 X 2
12月交換券(2023) X 1
`*激走！川中島24時 ぐだぐだ超五稜郭 殺しのサインはM51
開幕記念 ログインボーナス*
*開催期間中、1日1回 最大21回ログインボーナスをプレゼント！*
`白銀の果実 X 1
`_2023-12-12 20:19:24_
--------
*16d33c918b4fde70c16ab2b98eca2dc7*
`登陆天数: 121天 / 1455天
等级: 127
石头: 513
呼符: 49
体力: 4738.533333333334 / 137
友情点: 0 / 1160460`
*連続ログイン2日目
※ログインが途切れるか、7日到達すると
1日目から再開されます*
`聖晶石 X 1
12月交換券(2023) X 1
`*激走！川中島24時 ぐだぐだ超五稜郭 殺しのサインはM51
開幕記念 ログインボーナス*
*開催期間中、1日1回 最大21回ログインボーナスをプレゼント！*
`白銀の果実 X 1
`_2023-12-12 20:19:33_
--------
