【登录信息】
*98eb6857da245a3c90732f8349ee9384*
`登陆天数: 126天 / 1393天
等级: 141
石头: 4
呼符: 0
体力: 184.55 / 140
友情点: 180 / 3086950`
*連続ログイン7日間到達おめでとうございます！
明日は1日目からリスタートされます。*
`獣の足跡 X 1
呼符 X 1
12月交換券(2023) X 1
`*激走！川中島24時 ぐだぐだ超五稜郭 殺しのサインはM51
開幕記念 ログインボーナス*
*開催期間中、1日1回 最大21回ログインボーナスをプレゼント！*
`黄金の果実 X 1
`_2023-12-13 20:19:14_
--------
*16d33c918b4fde70c16ab2b98eca2dc7*
`登陆天数: 122天 / 1456天
等级: 127
石头: 513
呼符: 49
体力: 5026.5 / 137
友情点: 0 / 1160460`
*連続ログイン3日目
※ログインが途切れるか、7日到達すると
1日目から再開されます*
`叡智の業火 X 1
12月交換券(2023) X 1
`*激走！川中島24時 ぐだぐだ超五稜郭 殺しのサインはM51
開幕記念 ログインボーナス*
*開催期間中、1日1回 最大21回ログインボーナスをプレゼント！*
`黄金の果実 X 1
`_2023-12-13 20:19:23_
--------
