【登录信息】
*98eb6857da245a3c90732f8349ee9384*
`登陆天数: 133天 / 1400天
等级: 141
石头: 0
呼符: 0
体力: 767.8066666666666 / 140
友情点: 40 / 3090360`
*連続ログイン7日間到達おめでとうございます！
明日は1日目からリスタートされます。*
`獣の足跡 X 1
呼符 X 1
12月交換券(2023) X 1
`*雪原のメリー・クリスマス2023 ～7days / 8years Snow Carol～開幕記念 ログインボーナス*
*開催期間中、1日1回 最大10回ログインボーナスをプレゼント！*
`黄金の果実 X 1
`_2023-12-20 20:19:23_
--------
*16d33c918b4fde70c16ab2b98eca2dc7*
`登陆天数: 129天 / 1463天
等级: 127
石头: 513
呼符: 49
体力: 7042.5233333333335 / 137
友情点: 0 / 1160460`
*連続ログイン3日目
※ログインが途切れるか、7日到達すると
1日目から再開されます*
`叡智の業火 X 1
12月交換券(2023) X 1
`*雪原のメリー・クリスマス2023 ～7days / 8years Snow Carol～開幕記念 ログインボーナス*
*開催期間中、1日1回 最大10回ログインボーナスをプレゼント！*
`黄金の果実 X 1
`_2023-12-20 20:19:31_
--------
