【登录信息】
*98eb6857da245a3c90732f8349ee9384*
`登陆天数: 135天 / 1402天
等级: 141
石头: 0
呼符: 0
体力: 1343.66 / 140
友情点: 150 / 3090750`
*連続ログイン2日目
※ログインが途切れるか、7日到達すると
1日目から再開されます*
`聖晶石 X 1
12月交換券(2023) X 1
`*雪原のメリー・クリスマス2023 ～7days / 8years Snow Carol～開幕記念 ログインボーナス*
*開催期間中、1日1回 最大10回ログインボーナスをプレゼント！*
`白銀の果実 X 1
`_2023-12-22 20:18:39_
--------
*16d33c918b4fde70c16ab2b98eca2dc7*
`登陆天数: 131天 / 1465天
等级: 127
石头: 513
呼符: 49
体力: 7618.38 / 137
友情点: 0 / 1160460`
*連続ログイン5日目
※ログインが途切れるか、7日到達すると
1日目から再開されます*
`叡智の業火 X 2
12月交換券(2023) X 1
`*雪原のメリー・クリスマス2023 ～7days / 8years Snow Carol～開幕記念 ログインボーナス*
*開催期間中、1日1回 最大10回ログインボーナスをプレゼント！*
`白銀の果実 X 1
`_2023-12-22 20:18:47_
--------
