【登录信息】
*98eb6857da245a3c90732f8349ee9384*
`登陆天数: 136天 / 1403天
等级: 141
石头: 0
呼符: 0
体力: 1631.4133333333334 / 140
友情点: 140 / 3090920`
*連続ログイン3日目
※ログインが途切れるか、7日到達すると
1日目から再開されます*
`叡智の業火 X 1
12月交換券(2023) X 1
`*雪原のメリー・クリスマス2023 ～7days / 8years Snow Carol～開幕記念 ログインボーナス*
*開催期間中、1日1回 最大10回ログインボーナスをプレゼント！*
`白銀の果実 X 1
`_2023-12-23 20:17:25_
--------
*16d33c918b4fde70c16ab2b98eca2dc7*
`登陆天数: 132天 / 1466天
等级: 127
石头: 513
呼符: 49
体力: 7906.133333333333 / 137
友情点: 0 / 1160460`
*連続ログイン6日目
※ログインが途切れるか、7日到達すると
1日目から再開されます*
`聖晶石 X 2
12月交換券(2023) X 1
`*雪原のメリー・クリスマス2023 ～7days / 8years Snow Carol～開幕記念 ログインボーナス*
*開催期間中、1日1回 最大10回ログインボーナスをプレゼント！*
`白銀の果実 X 1
`_2023-12-23 20:17:34_
--------
