【登录信息】
*98eb6857da245a3c90732f8349ee9384*
`登陆天数: 137天 / 1404天
等级: 141
石头: 0
呼符: 0
体力: 1919.48 / 140
友情点: 170 / 3091090`
*連続ログイン4日目
※ログインが途切れるか、7日到達すると
1日目から再開されます*
`聖晶石 X 1
12月交換券(2023) X 1
`*ネモ〔サンタ〕からのクリスマスプレゼント*
*開催期間中、初回ログインで「聖晶石×10」をプレゼント！*
`聖晶石 X 10
`_2023-12-24 20:17:45_
--------
*16d33c918b4fde70c16ab2b98eca2dc7*
`登陆天数: 133天 / 1467天
等级: 127
石头: 513
呼符: 49
体力: 8194.203333333333 / 137
友情点: 0 / 1160460`
*連続ログイン7日間到達おめでとうございます！
明日は1日目からリスタートされます。*
`獣の足跡 X 1
呼符 X 1
12月交換券(2023) X 1
`*ネモ〔サンタ〕からのクリスマスプレゼント*
*開催期間中、初回ログインで「聖晶石×10」をプレゼント！*
`聖晶石 X 10
`_2023-12-24 20:17:54_
--------
