【登录信息】
*98eb6857da245a3c90732f8349ee9384*
`登陆天数: 139天 / 1406天
等级: 141
石头: 0
呼符: 0
体力: 2495.56 / 140
友情点: 120 / 3091430`
*連続ログイン6日目
※ログインが途切れるか、7日到達すると
1日目から再開されます*
`聖晶石 X 2
12月交換券(2023) X 1
`*「FGO カルデア・サテライトステーション 2023-2024」京都会場開催直前 ログインボーナス*
*開催期間中、1日1回 最大3回 ログインボーナスをプレゼント！*
`サテライトステーション23-24 X 1
黄金の果実 X 1
`_2023-12-26 20:18:10_
--------
*16d33c918b4fde70c16ab2b98eca2dc7*
`登陆天数: 135天 / 1469天
等级: 127
石头: 513
呼符: 49
体力: 8770.28 / 137
友情点: 0 / 1160460`
*連続ログイン2日目
※ログインが途切れるか、7日到達すると
1日目から再開されます*
`聖晶石 X 1
12月交換券(2023) X 1
`*「FGO カルデア・サテライトステーション 2023-2024」京都会場開催直前 ログインボーナス*
*開催期間中、1日1回 最大3回 ログインボーナスをプレゼント！*
`サテライトステーション23-24 X 1
黄金の果実 X 1
`_2023-12-26 20:18:18_
--------
