【登录信息】
*98eb6857da245a3c90732f8349ee9384*
`登陆天数: 140天 / 1407天
等级: 141
石头: 61
呼符: 1
体力: 144.08333333333334 / 140
友情点: 20 / 3094765`
*連続ログイン7日間到達おめでとうございます！
明日は1日目からリスタートされます。*
`獣の足跡 X 1
呼符 X 1
12月交換券(2023) X 1
`*「FGO カルデア・サテライトステーション 2023-2024」京都会場開催直前 ログインボーナス*
*開催期間中、1日1回 最大3回 ログインボーナスをプレゼント！*
`黄金の果実 X 1
`_2023-12-27 20:18:05_
--------
*16d33c918b4fde70c16ab2b98eca2dc7*
`登陆天数: 136天 / 1470天
等级: 127
石头: 513
呼符: 49
体力: 9058.266666666666 / 137
友情点: 0 / 1160460`
*連続ログイン3日目
※ログインが途切れるか、7日到達すると
1日目から再開されます*
`叡智の業火 X 1
12月交換券(2023) X 1
`*「FGO カルデア・サテライトステーション 2023-2024」京都会場開催直前 ログインボーナス*
*開催期間中、1日1回 最大3回 ログインボーナスをプレゼント！*
`黄金の果実 X 1
`_2023-12-27 20:18:13_
--------
