【登录信息】
*98eb6857da245a3c90732f8349ee9384*
`登陆天数: 141天 / 1408天
等级: 141
石头: 69
呼符: 2
体力: 106.09 / 140
友情点: 25 / 3098610`
*連続ログイン1日目
※ログインが途切れるか、7日到達すると
1日目から再開されます*
`フレンドポイント X 2000
12月交換券(2023) X 1
`*「FGO カルデア・サテライトステーション 2023-2024」京都会場開催直前 ログインボーナス*
*開催期間中、1日1回 最大3回 ログインボーナスをプレゼント！*
`黄金の果実 X 1
`_2023-12-28 20:16:36_
--------
*16d33c918b4fde70c16ab2b98eca2dc7*
`登陆天数: 137天 / 1471天
等级: 127
石头: 513
呼符: 49
体力: 9345.973333333333 / 137
友情点: 0 / 1160460`
*連続ログイン4日目
※ログインが途切れるか、7日到達すると
1日目から再開されます*
`聖晶石 X 1
12月交換券(2023) X 1
`*「FGO カルデア・サテライトステーション 2023-2024」京都会場開催直前 ログインボーナス*
*開催期間中、1日1回 最大3回 ログインボーナスをプレゼント！*
`黄金の果実 X 1
`_2023-12-28 20:16:45_
--------
