【登录信息】
*98eb6857da245a3c90732f8349ee9384*
`登陆天数: 142天 / 1409天
等级: 141
石头: 79
呼符: 0
体力: 120.12666666666667 / 140
友情点: 160 / 3135780`
*連続ログイン2日目
※ログインが途切れるか、7日到達すると
1日目から再開されます*
`聖晶石 X 1
12月交換券(2023) X 1
`*「FGO カルデア・サテライトステーション 2023-2024」京都会場開催記念 3万リポスト達成プレゼント*
*開催期間中、初回ログインで「聖晶石×6」をプレゼント！*
`聖晶石 X 6
`_2023-12-29 20:18:05_
--------
*16d33c918b4fde70c16ab2b98eca2dc7*
`登陆天数: 138天 / 1472天
等级: 127
石头: 513
呼符: 49
体力: 9634.27 / 137
友情点: 0 / 1160460`
*連続ログイン5日目
※ログインが途切れるか、7日到達すると
1日目から再開されます*
`叡智の業火 X 2
12月交換券(2023) X 1
`*「FGO カルデア・サテライトステーション 2023-2024」京都会場開催記念 3万リポスト達成プレゼント*
*開催期間中、初回ログインで「聖晶石×6」をプレゼント！*
`聖晶石 X 6
`_2023-12-29 20:18:14_
--------
