【登录信息】
*98eb6857da245a3c90732f8349ee9384*
`登陆天数: 143天 / 1410天
等级: 141
石头: 118
呼符: 0
体力: 65.08333333333333 / 140
友情点: 165 / 3140165`
*連続ログイン3日目
※ログインが途切れるか、7日到達すると
1日目から再開されます*
`叡智の業火 X 1
12月交換券(2023) X 1
`*Fate Project 大晦日TVスペシャル2023 放送カウントダウンログインボーナス*
*開催期間中、1日1回 3日間日替りでログインボーナスをプレゼント！*
`黄金の果実 X 1
呼符 X 1
`_2023-12-30 20:17:59_
--------
*16d33c918b4fde70c16ab2b98eca2dc7*
`登陆天数: 139天 / 1473天
等级: 127
石头: 513
呼符: 49
体力: 9922.243333333334 / 137
友情点: 0 / 1160460`
*連続ログイン6日目
※ログインが途切れるか、7日到達すると
1日目から再開されます*
`聖晶石 X 2
12月交換券(2023) X 1
`*Fate Project 大晦日TVスペシャル2023 放送カウントダウンログインボーナス*
*開催期間中、1日1回 3日間日替りでログインボーナスをプレゼント！*
`黄金の果実 X 1
呼符 X 1
`_2023-12-30 20:18:07_
--------
