【登录信息】
*98eb6857da245a3c90732f8349ee9384*
`登陆天数: 52天 / 1319天
等级: 140
石头: 111
呼符: 0
体力: 8571.116666666667 / 140
友情点: 190 / 3177510`
*連続ログイン3日目
※ログインが途切れるか、7日到達すると
1日目から再開されます*
`叡智の業火 X 1
10月交換券(2023) X 1
`*ワンジナ・ワールドツアー！ ～大精霊と巡る世界一周～開幕記念 ログインボーナス*
*開催期間中、1日1回 最大21回ログインボーナスをプレゼント！*
`白銀の果実 X 1
`_2023-09-30 20:12:56_
--------
*16d33c918b4fde70c16ab2b98eca2dc7*
`登陆天数: 48天 / 1382天
等级: 127
石头: 209
呼符: 18
体力: 12583.393333333333 / 137
友情点: 0 / 1130460`
*連続ログイン6日目
※ログインが途切れるか、7日到達すると
1日目から再開されます*
`聖晶石 X 2
10月交換券(2023) X 1
`*ワンジナ・ワールドツアー！ ～大精霊と巡る世界一周～開幕記念 ログインボーナス*
*開催期間中、1日1回 最大21回ログインボーナスをプレゼント！*
`白銀の果実 X 1
`_2023-09-30 20:13:05_
--------
