【登录信息】
*98eb6857da245a3c90732f8349ee9384*
`登陆天数: 56天 / 1323天
等级: 140
石头: 111
呼符: 0
体力: 9723.48 / 140
友情点: 280 / 3178630`
*連続ログイン7日間到達おめでとうございます！
明日は1日目からリスタートされます。*
`獣の足跡 X 1
呼符 X 1
10月交換券(2023) X 1
`*ワンジナ・ワールドツアー！ ～大精霊と巡る世界一周～開幕記念 ログインボーナス*
*開催期間中、1日1回 最大21回ログインボーナスをプレゼント！*
`黄金の果実 X 1
`_2023-10-04 20:14:46_
--------
*16d33c918b4fde70c16ab2b98eca2dc7*
`登陆天数: 52天 / 1386天
等级: 127
石头: 209
呼符: 18
体力: 13735.753333333334 / 137
友情点: 0 / 1130460`
*連続ログイン3日目
※ログインが途切れるか、7日到達すると
1日目から再開されます*
`叡智の業火 X 1
10月交換券(2023) X 1
`*ワンジナ・ワールドツアー！ ～大精霊と巡る世界一周～開幕記念 ログインボーナス*
*開催期間中、1日1回 最大21回ログインボーナスをプレゼント！*
`黄金の果実 X 1
`_2023-10-04 20:14:54_
--------
