【登录信息】
*98eb6857da245a3c90732f8349ee9384*
`登陆天数: 57天 / 1324天
等级: 140
石头: 111
呼符: 0
体力: 10011.443333333333 / 140
友情点: 120 / 3178750`
*連続ログイン1日目
※ログインが途切れるか、7日到達すると
1日目から再開されます*
`フレンドポイント X 2000
10月交換券(2023) X 1
`*ワンジナ・ワールドツアー！ ～大精霊と巡る世界一周～開幕記念 ログインボーナス*
*開催期間中、1日1回 最大21回ログインボーナスをプレゼント！*
`白銀の果実 X 1
`_2023-10-05 20:14:35_
--------
*16d33c918b4fde70c16ab2b98eca2dc7*
`登陆天数: 53天 / 1387天
等级: 127
石头: 209
呼符: 18
体力: 14023.716666666667 / 137
友情点: 0 / 1130460`
*連続ログイン4日目
※ログインが途切れるか、7日到達すると
1日目から再開されます*
`聖晶石 X 1
10月交換券(2023) X 1
`*ワンジナ・ワールドツアー！ ～大精霊と巡る世界一周～開幕記念 ログインボーナス*
*開催期間中、1日1回 最大21回ログインボーナスをプレゼント！*
`白銀の果実 X 1
`_2023-10-05 20:14:43_
--------
