【登录信息】
*98eb6857da245a3c90732f8349ee9384*
`登陆天数: 64天 / 1331天
等级: 140
石头: 111
呼符: 0
体力: 1664.6966666666667 / 140
友情点: 170 / 3181070`
*連続ログイン1日目
※ログインが途切れるか、7日到達すると
1日目から再開されます*
`フレンドポイント X 2000
10月交換券(2023) X 1
`*日替りログインボーナス*
*開催期間中、1日1回 2週間日替りでログインボーナスをプレゼント！*
`巡霊の葉 X 30
`_2023-10-12 20:13:23_
--------
*16d33c918b4fde70c16ab2b98eca2dc7*
`登陆天数: 60天 / 1394天
等级: 127
石头: 209
呼符: 18
体力: 16039.48 / 137
友情点: 0 / 1130460`
*連続ログイン4日目
※ログインが途切れるか、7日到達すると
1日目から再開されます*
`聖晶石 X 1
10月交換券(2023) X 1
`*日替りログインボーナス*
*開催期間中、1日1回 2週間日替りでログインボーナスをプレゼント！*
`巡霊の葉 X 30
`_2023-10-12 20:13:32_
--------
