【登录信息】
*98eb6857da245a3c90732f8349ee9384*
`登陆天数: 66天 / 1333天
等级: 140
石头: 111
呼符: 0
体力: 2240.6433333333334 / 140
友情点: 200 / 3181330`
*連続ログイン3日目
※ログインが途切れるか、7日到達すると
1日目から再開されます*
`叡智の業火 X 1
10月交換券(2023) X 1
`*リリース3000日突破キャンペーン 初回ログインボーナス*
*開催期間中、初回ログインで「聖晶石×10」をプレゼント！*
`聖晶石 X 10
`_2023-10-14 20:13:07_
--------
*16d33c918b4fde70c16ab2b98eca2dc7*
`登陆天数: 62天 / 1396天
等级: 127
石头: 209
呼符: 18
体力: 16615.423333333332 / 137
友情点: 0 / 1130460`
*連続ログイン6日目
※ログインが途切れるか、7日到達すると
1日目から再開されます*
`聖晶石 X 2
10月交換券(2023) X 1
`*リリース3000日突破キャンペーン 初回ログインボーナス*
*開催期間中、初回ログインで「聖晶石×10」をプレゼント！*
`聖晶石 X 10
`_2023-10-14 20:13:15_
--------
