【登录信息】
*98eb6857da245a3c90732f8349ee9384*
`登陆天数: 67天 / 1334天
等级: 140
石头: 111
呼符: 0
体力: 2528.6666666666665 / 140
友情点: 70 / 3181400`
*連続ログイン4日目
※ログインが途切れるか、7日到達すると
1日目から再開されます*
`聖晶石 X 1
10月交換券(2023) X 1
`*日替りログインボーナス*
*開催期間中、1日1回 2週間日替りでログインボーナスをプレゼント！*
`巡霊の葉 X 30
`_2023-10-15 20:13:14_
--------
*16d33c918b4fde70c16ab2b98eca2dc7*
`登陆天数: 63天 / 1397天
等级: 127
石头: 209
呼符: 18
体力: 16903.45 / 137
友情点: 0 / 1130460`
*連続ログイン7日間到達おめでとうございます！
明日は1日目からリスタートされます。*
`獣の足跡 X 1
呼符 X 1
10月交換券(2023) X 1
`*日替りログインボーナス*
*開催期間中、1日1回 2週間日替りでログインボーナスをプレゼント！*
`巡霊の葉 X 30
`_2023-10-15 20:13:23_
--------
