【登录信息】
*98eb6857da245a3c90732f8349ee9384*
`登陆天数: 72天 / 1339天
等级: 140
石头: 111
呼符: 0
体力: 3968.8033333333333 / 140
友情点: 480 / 3182825`
*連続ログイン2日目
※ログインが途切れるか、7日到達すると
1日目から再開されます*
`聖晶石 X 1
10月交換券(2023) X 1
`*日替りログインボーナス*
*開催期間中、1日1回 2週間日替りでログインボーナスをプレゼント！*
`聖晶石 X 2
巡霊の葉 X 100
`_2023-10-20 20:13:55_
--------
*16d33c918b4fde70c16ab2b98eca2dc7*
`登陆天数: 68天 / 1402天
等级: 127
石头: 209
呼符: 18
体力: 18343.586666666666 / 137
友情点: 0 / 1130460`
*連続ログイン5日目
※ログインが途切れるか、7日到達すると
1日目から再開されます*
`叡智の業火 X 2
10月交換券(2023) X 1
`*日替りログインボーナス*
*開催期間中、1日1回 2週間日替りでログインボーナスをプレゼント！*
`聖晶石 X 2
巡霊の葉 X 100
`_2023-10-20 20:14:04_
--------
