【登录信息】
*98eb6857da245a3c90732f8349ee9384*
`登陆天数: 73天 / 1340天
等级: 140
石头: 111
呼符: 0
体力: 4256.64 / 140
友情点: 280 / 3183105`
*連続ログイン3日目
※ログインが途切れるか、7日到達すると
1日目から再開されます*
`叡智の業火 X 1
10月交換券(2023) X 1
`*【リリース3000日突破記念特別】
ログインボーナス*
*開催期間中、1日1回 最大7回 回数ログインボーナスをプレゼント！*
`呼符 X 1
`_2023-10-21 20:13:06_
--------
*16d33c918b4fde70c16ab2b98eca2dc7*
`登陆天数: 69天 / 1403天
等级: 127
石头: 209
呼符: 18
体力: 18631.423333333332 / 137
友情点: 0 / 1130460`
*連続ログイン6日目
※ログインが途切れるか、7日到達すると
1日目から再開されます*
`聖晶石 X 2
10月交換券(2023) X 1
`*【リリース3000日突破記念特別】
ログインボーナス*
*開催期間中、1日1回 最大7回 回数ログインボーナスをプレゼント！*
`呼符 X 1
`_2023-10-21 20:13:15_
--------
