【登录信息】
*98eb6857da245a3c90732f8349ee9384*
`登陆天数: 76天 / 1343天
等级: 140
石头: 111
呼符: 5
体力: 5120.91 / 140
友情点: 35 / 3187890`
*連続ログイン6日目
※ログインが途切れるか、7日到達すると
1日目から再開されます*
`聖晶石 X 2
10月交換券(2023) X 1
`*日替りログインボーナス*
*開催期間中、1日1回 2週間日替りでログインボーナスをプレゼント！*
`聖晶石 X 3
巡霊の葉 X 50
`_2023-10-24 20:14:27_
--------
*16d33c918b4fde70c16ab2b98eca2dc7*
`登陆天数: 72天 / 1406天
等级: 127
石头: 209
呼符: 18
体力: 19495.693333333333 / 137
友情点: 0 / 1130460`
*連続ログイン2日目
※ログインが途切れるか、7日到達すると
1日目から再開されます*
`聖晶石 X 1
10月交換券(2023) X 1
`*日替りログインボーナス*
*開催期間中、1日1回 2週間日替りでログインボーナスをプレゼント！*
`聖晶石 X 3
巡霊の葉 X 50
`_2023-10-24 20:14:36_
--------
