【登录信息】
*98eb6857da245a3c90732f8349ee9384*
`登陆天数: 77天 / 1344天
等级: 140
石头: 111
呼符: 5
体力: 5408.836666666667 / 140
友情点: 120 / 3188020`
*連続ログイン7日間到達おめでとうございます！
明日は1日目からリスタートされます。*
`獣の足跡 X 1
呼符 X 1
10月交換券(2023) X 1
`*FGO カルデア放送局 ライト版 聖杯戦線 ～白天の城、黒夜の城～放送記念 初回ログインボーナス*
*開催期間中、初回ログインで「聖晶石×14」をプレゼント！*
`聖晶石 X 14
`_2023-10-25 20:14:04_
--------
*16d33c918b4fde70c16ab2b98eca2dc7*
`登陆天数: 73天 / 1407天
等级: 127
石头: 209
呼符: 18
体力: 19783.616666666665 / 137
友情点: 0 / 1130460`
*連続ログイン3日目
※ログインが途切れるか、7日到達すると
1日目から再開されます*
`叡智の業火 X 1
10月交換券(2023) X 1
`*FGO カルデア放送局 ライト版 聖杯戦線 ～白天の城、黒夜の城～放送記念 初回ログインボーナス*
*開催期間中、初回ログインで「聖晶石×14」をプレゼント！*
`聖晶石 X 14
`_2023-10-25 20:14:13_
--------
