【登录信息】
*98eb6857da245a3c90732f8349ee9384*
`登陆天数: 81天 / 1348天
等级: 140
石头: 111
呼符: 5
体力: 6560.723333333333 / 140
友情点: 220 / 3188610`
*連続ログイン4日目
※ログインが途切れるか、7日到達すると
1日目から再開されます*
`聖晶石 X 1
10月交換券(2023) X 1
`*初回ログインボーナス*
*開催期間中、初回ログインボーナスをプレゼント！*
`聖晶石 X 10
`_2023-10-29 20:13:30_
--------
*16d33c918b4fde70c16ab2b98eca2dc7*
`登陆天数: 77天 / 1411天
等级: 127
石头: 209
呼符: 18
体力: 20935.503333333334 / 137
友情点: 0 / 1130460`
*連続ログイン7日間到達おめでとうございます！
明日は1日目からリスタートされます。*
`獣の足跡 X 1
呼符 X 1
10月交換券(2023) X 1
`*初回ログインボーナス*
*開催期間中、初回ログインボーナスをプレゼント！*
`聖晶石 X 10
`_2023-10-29 20:13:39_
--------
