【登录信息】
*98eb6857da245a3c90732f8349ee9384*
`登陆天数: 22天 / 1289天
等级: 140
石头: 78
呼符: 0
体力: 28.049999999999997 / 140
友情点: 135 / 3171085`
*連続ログイン1日目
※ログインが途切れるか、7日到達すると
1日目から再開されます*
`フレンドポイント X 2000
9月交換券(2023) X 1
`_2023-08-31 20:14:18_
--------
*16d33c918b4fde70c16ab2b98eca2dc7*
`登陆天数: 18天 / 1352天
等级: 127
石头: 209
呼符: 18
体力: 3943.6633333333334 / 137
友情点: 0 / 1130460`
*連続ログイン4日目
※ログインが途切れるか、7日到達すると
1日目から再開されます*
`聖晶石 X 1
9月交換券(2023) X 1
`*サーヴァント・サマー・フェスティバル2023！開幕記念 ログインボーナス*
*開催期間中、1日1回 最大21回ログインボーナスをプレゼント！*
`白銀の果実 X 1
`_2023-08-31 20:14:27_
--------
