【登录信息】
*98eb6857da245a3c90732f8349ee9384*
`登陆天数: 25天 / 1292天
等级: 140
石头: 111
呼符: 0
体力: 795.1266666666667 / 140
友情点: 90 / 3174945`
*連続ログイン4日目
※ログインが途切れるか、7日到達すると
1日目から再開されます*
`聖晶石 X 1
9月交換券(2023) X 1
`*ハンティングクエスト 第13弾
特別ログインボーナス*
*開催期間中、1日1回 最大7回ログインボーナスをプレゼント！*
`黄金の果実 X 1
`_2023-09-03 20:13:00_
--------
*16d33c918b4fde70c16ab2b98eca2dc7*
`登陆天数: 21天 / 1355天
等级: 127
石头: 209
呼符: 18
体力: 4807.403333333334 / 137
友情点: 0 / 1130460`
*連続ログイン7日間到達おめでとうございます！
明日は1日目からリスタートされます。*
`獣の足跡 X 1
呼符 X 1
9月交換券(2023) X 1
`*ハンティングクエスト 第13弾
特別ログインボーナス*
*開催期間中、1日1回 最大7回ログインボーナスをプレゼント！*
`黄金の果実 X 1
`_2023-09-03 20:13:09_
--------
