【登录信息】
*98eb6857da245a3c90732f8349ee9384*
`登陆天数: 26天 / 1293天
等级: 140
石头: 111
呼符: 0
体力: 1083.2333333333333 / 140
友情点: 100 / 3175045`
*連続ログイン5日目
※ログインが途切れるか、7日到達すると
1日目から再開されます*
`叡智の業火 X 2
9月交換券(2023) X 1
`*ハンティングクエスト 第13弾
特別ログインボーナス*
*開催期間中、1日1回 最大7回ログインボーナスをプレゼント！*
`黄金の果実 X 1
`_2023-09-04 20:13:32_
--------
*16d33c918b4fde70c16ab2b98eca2dc7*
`登陆天数: 22天 / 1356天
等级: 127
石头: 209
呼符: 18
体力: 5095.51 / 137
友情点: 0 / 1130460`
*連続ログイン1日目
※ログインが途切れるか、7日到達すると
1日目から再開されます*
`フレンドポイント X 2000
9月交換券(2023) X 1
`*ハンティングクエスト 第13弾
特別ログインボーナス*
*開催期間中、1日1回 最大7回ログインボーナスをプレゼント！*
`黄金の果実 X 1
`_2023-09-04 20:13:41_
--------
