【登录信息】
*98eb6857da245a3c90732f8349ee9384*
`登陆天数: 27天 / 1294天
等级: 140
石头: 111
呼符: 0
体力: 1371.36 / 140
友情点: 50 / 3175215`
*連続ログイン6日目
※ログインが途切れるか、7日到達すると
1日目から再開されます*
`聖晶石 X 2
9月交換券(2023) X 1
`*ハンティングクエスト 第13弾
特別ログインボーナス*
*開催期間中、1日1回 最大7回ログインボーナスをプレゼント！*
`黄金の果実 X 1
`_2023-09-05 20:14:09_
--------
*16d33c918b4fde70c16ab2b98eca2dc7*
`登陆天数: 23天 / 1357天
等级: 127
石头: 209
呼符: 18
体力: 5383.636666666666 / 137
友情点: 0 / 1130460`
*連続ログイン2日目
※ログインが途切れるか、7日到達すると
1日目から再開されます*
`聖晶石 X 1
9月交換券(2023) X 1
`*ハンティングクエスト 第13弾
特別ログインボーナス*
*開催期間中、1日1回 最大7回ログインボーナスをプレゼント！*
`黄金の果実 X 1
`_2023-09-05 20:14:18_
--------
