【登录信息】
*98eb6857da245a3c90732f8349ee9384*
`登陆天数: 41天 / 1308天
等级: 140
石头: 111
呼符: 0
体力: 5403.35 / 140
友情点: 130 / 3176520`
*連続ログイン6日目
※ログインが途切れるか、7日到達すると
1日目から再開されます*
`聖晶石 X 2
9月交換券(2023) X 1
`*日替りログインボーナス*
*開催期間中、1日1回 2週間日替りでログインボーナスをプレゼント！*
`聖晶石 X 3
巡霊の葉 X 50
`_2023-09-19 20:14:07_
--------
*16d33c918b4fde70c16ab2b98eca2dc7*
`登陆天数: 37天 / 1371天
等级: 127
石头: 209
呼符: 18
体力: 9415.626666666667 / 137
友情点: 0 / 1130460`
*連続ログイン2日目
※ログインが途切れるか、7日到達すると
1日目から再開されます*
`聖晶石 X 1
9月交換券(2023) X 1
`*日替りログインボーナス*
*開催期間中、1日1回 2週間日替りでログインボーナスをプレゼント！*
`聖晶石 X 3
巡霊の葉 X 50
`_2023-09-19 20:14:16_
--------
