【登录信息】
*98eb6857da245a3c90732f8349ee9384*
`登陆天数: 43天 / 1310天
等级: 140
石头: 111
呼符: 0
体力: 5979.19 / 140
友情点: 90 / 3176760`
*連続ログイン1日目
※ログインが途切れるか、7日到達すると
1日目から再開されます*
`フレンドポイント X 2000
9月交換券(2023) X 1
`*日替りログインボーナス*
*開催期間中、1日1回 2週間日替りでログインボーナスをプレゼント！*
`巡霊の葉 X 30
`_2023-09-21 20:13:19_
--------
*16d33c918b4fde70c16ab2b98eca2dc7*
`登陆天数: 39天 / 1373天
等级: 127
石头: 209
呼符: 18
体力: 9991.463333333333 / 137
友情点: 0 / 1130460`
*連続ログイン4日目
※ログインが途切れるか、7日到達すると
1日目から再開されます*
`聖晶石 X 1
9月交換券(2023) X 1
`*日替りログインボーナス*
*開催期間中、1日1回 2週間日替りでログインボーナスをプレゼント！*
`巡霊の葉 X 30
`_2023-09-21 20:13:28_
--------
