【登录信息】
*98eb6857da245a3c90732f8349ee9384*
`登陆天数: 44天 / 1311天
等级: 140
石头: 111
呼符: 0
体力: 6267.333333333333 / 140
友情点: 45 / 3176805`
*連続ログイン2日目
※ログインが途切れるか、7日到達すると
1日目から再開されます*
`聖晶石 X 1
9月交換券(2023) X 1
`*日替りログインボーナス*
*開催期間中、1日1回 2週間日替りでログインボーナスをプレゼント！*
`聖晶石 X 2
巡霊の葉 X 100
`_2023-09-22 20:14:01_
--------
*16d33c918b4fde70c16ab2b98eca2dc7*
`登陆天数: 40天 / 1374天
等级: 127
石头: 209
呼符: 18
体力: 10279.606666666667 / 137
友情点: 0 / 1130460`
*連続ログイン5日目
※ログインが途切れるか、7日到達すると
1日目から再開されます*
`叡智の業火 X 2
9月交換券(2023) X 1
`*日替りログインボーナス*
*開催期間中、1日1回 2週間日替りでログインボーナスをプレゼント！*
`聖晶石 X 2
巡霊の葉 X 100
`_2023-09-22 20:14:10_
--------
