【登录信息】
*98eb6857da245a3c90732f8349ee9384*
`登陆天数: 50天 / 1317天
等级: 140
石头: 111
呼符: 0
体力: 7995.083333333333 / 140
友情点: 105 / 3177300`
*連続ログイン1日目
※ログインが途切れるか、7日到達すると
1日目から再開されます*
`フレンドポイント X 2000
9月交換券(2023) X 1
`*「Fate/Samurai Remnant」発売記念 特別ログインボーナス*
*開催期間中、初回ログインで「限定概念礼装」をプレゼント！*
`Samurai Remnant X 1
`_2023-09-28 20:12:47_
--------
*16d33c918b4fde70c16ab2b98eca2dc7*
`登陆天数: 46天 / 1380天
等级: 127
石头: 209
呼符: 18
体力: 12007.36 / 137
友情点: 0 / 1130460`
*連続ログイン4日目
※ログインが途切れるか、7日到達すると
1日目から再開されます*
`聖晶石 X 1
9月交換券(2023) X 1
`*「Fate/Samurai Remnant」発売記念 特別ログインボーナス*
*開催期間中、初回ログインで「限定概念礼装」をプレゼント！*
`Samurai Remnant X 1
`_2023-09-28 20:12:56_
--------
